{"numFailedTestSuites":5,"numFailedTests":23,"numPassedTestSuites":15,"numPassedTests":278,"numPendingTestSuites":0,"numPendingTests":0,"numRuntimeErrorTestSuites":0,"numTodoTests":0,"numTotalTestSuites":20,"numTotalTests":301,"openHandles":[],"snapshot":{"added":0,"didUpdate":false,"failure":false,"filesAdded":0,"filesRemoved":0,"filesRemovedList":[],"filesUnmatched":0,"filesUpdated":0,"matched":0,"total":0,"unchecked":0,"uncheckedKeysByFile":[],"unmatched":0,"updated":0},"startTime":1778732641253,"success":false,"testResults":[{"assertionResults":[{"ancestorTitles":["GET /api/projects/[id]/drafts"],"duration":15,"failing":false,"failureDetails":[],"failureMessages":[],"fullName":"GET /api/projects/[id]/drafts should return drafts when authenticated","invocations":1,"location":null,"numPassingAsserts":3,"retryReasons":[],"startAt":1778732646093,"status":"passed","title":"should return drafts when authenticated"},{"ancestorTitles":["GET /api/projects/[id]/drafts"],"duration":1,"failing":false,"failureDetails":[],"failureMessages":[],"fullName":"GET /api/projects/[id]/drafts should return empty drafts array when none exist","invocations":1,"location":null,"numPassingAsserts":1,"retryReasons":[],"startAt":1778732646109,"status":"passed","title":"should return empty drafts array when none exist"},{"ancestorTitles":["GET /api/projects/[id]/drafts"],"duration":2,"failing":false,"failureDetails":[],"failureMessages":[],"fullName":"GET /api/projects/[id]/drafts should return 401 when unauthenticated","invocations":1,"location":null,"numPassingAsserts":1,"retryReasons":[],"startAt":1778732646110,"status":"passed","title":"should return 401 when unauthenticated"},{"ancestorTitles":["GET /api/projects/[id]/history"],"duration":2,"failing":false,"failureDetails":[],"failureMessages":[],"fullName":"GET /api/projects/[id]/history should return posts sorted by engagement descending","invocations":1,"location":null,"numPassingAsserts":1,"retryReasons":[],"startAt":1778732646113,"status":"passed","title":"should return posts sorted by engagement descending"},{"ancestorTitles":["GET /api/projects/[id]/history"],"duration":2,"failing":false,"failureDetails":[],"failureMessages":[],"fullName":"GET /api/projects/[id]/history should use newer post as tie-breaker","invocations":1,"location":null,"numPassingAsserts":1,"retryReasons":[],"startAt":1778732646115,"status":"passed","title":"should use newer post as tie-breaker"},{"ancestorTitles":["GET /api/projects/[id]/history"],"duration":1,"failing":false,"failureDetails":[],"failureMessages":[],"fullName":"GET /api/projects/[id]/history should return 401 when unauthenticated","invocations":1,"location":null,"numPassingAsserts":1,"retryReasons":[],"startAt":1778732646118,"status":"passed","title":"should return 401 when unauthenticated"},{"ancestorTitles":["GET /api/projects/[id]/images"],"duration":8,"failing":false,"failureDetails":[],"failureMessages":[],"fullName":"GET /api/projects/[id]/images should return images array for own project","invocations":1,"location":null,"numPassingAsserts":2,"retryReasons":[],"startAt":1778732646119,"status":"passed","title":"should return images array for own project"},{"ancestorTitles":["GET /api/projects/[id]/images"],"duration":1,"failing":false,"failureDetails":[],"failureMessages":[],"fullName":"GET /api/projects/[id]/images should return 404 when project not found","invocations":1,"location":null,"numPassingAsserts":1,"retryReasons":[],"startAt":1778732646128,"status":"passed","title":"should return 404 when project not found"},{"ancestorTitles":["GET /api/projects/[id]/images"],"duration":1,"failing":false,"failureDetails":[],"failureMessages":[],"fullName":"GET /api/projects/[id]/images should return 401 when unauthenticated","invocations":1,"location":null,"numPassingAsserts":1,"retryReasons":[],"startAt":1778732646129,"status":"passed","title":"should return 401 when unauthenticated"},{"ancestorTitles":["POST /api/projects/[id]/images"],"duration":3,"failing":false,"failureDetails":[],"failureMessages":[],"fullName":"POST /api/projects/[id]/images should return 200 and count for valid images array","invocations":1,"location":null,"numPassingAsserts":3,"retryReasons":[],"startAt":1778732646131,"status":"passed","title":"should return 200 and count for valid images array"},{"ancestorTitles":["POST /api/projects/[id]/images"],"duration":1,"failing":false,"failureDetails":[],"failureMessages":[],"fullName":"POST /api/projects/[id]/images should return 400 for empty images array","invocations":1,"location":null,"numPassingAsserts":1,"retryReasons":[],"startAt":1778732646134,"status":"passed","title":"should return 400 for empty images array"},{"ancestorTitles":["POST /api/projects/[id]/images"],"duration":1,"failing":false,"failureDetails":[],"failureMessages":[],"fullName":"POST /api/projects/[id]/images should return 400 when images key is missing","invocations":1,"location":null,"numPassingAsserts":1,"retryReasons":[],"startAt":1778732646135,"status":"passed","title":"should return 400 when images key is missing"},{"ancestorTitles":["POST /api/projects/[id]/images"],"duration":1,"failing":false,"failureDetails":[],"failureMessages":[],"fullName":"POST /api/projects/[id]/images should return 404 when project not found","invocations":1,"location":null,"numPassingAsserts":1,"retryReasons":[],"startAt":1778732646151,"status":"passed","title":"should return 404 when project not found"},{"ancestorTitles":["POST /api/projects/[id]/images"],"duration":1,"failing":false,"failureDetails":[],"failureMessages":[],"fullName":"POST /api/projects/[id]/images should return 401 when unauthenticated","invocations":1,"location":null,"numPassingAsserts":1,"retryReasons":[],"startAt":1778732646152,"status":"passed","title":"should return 401 when unauthenticated"},{"ancestorTitles":["DELETE /api/projects/[id]/images/[imageId]"],"duration":7,"failing":false,"failureDetails":[],"failureMessages":[],"fullName":"DELETE /api/projects/[id]/images/[imageId] should return 204, delete DB row, and call Supabase remove for own image","invocations":1,"location":null,"numPassingAsserts":3,"retryReasons":[],"startAt":1778732646154,"status":"passed","title":"should return 204, delete DB row, and call Supabase remove for own image"},{"ancestorTitles":["DELETE /api/projects/[id]/images/[imageId]"],"duration":2,"failing":false,"failureDetails":[],"failureMessages":[],"fullName":"DELETE /api/projects/[id]/images/[imageId] should return 404 for wrong userId","invocations":1,"location":null,"numPassingAsserts":2,"retryReasons":[],"startAt":1778732646162,"status":"passed","title":"should return 404 for wrong userId"},{"ancestorTitles":["DELETE /api/projects/[id]/images/[imageId]"],"duration":7,"failing":false,"failureDetails":[],"failureMessages":[],"fullName":"DELETE /api/projects/[id]/images/[imageId] should return 404 for wrong projectId","invocations":1,"location":null,"numPassingAsserts":1,"retryReasons":[],"startAt":1778732646164,"status":"passed","title":"should return 404 for wrong projectId"},{"ancestorTitles":["DELETE /api/projects/[id]/images/[imageId]"],"duration":1,"failing":false,"failureDetails":[],"failureMessages":[],"fullName":"DELETE /api/projects/[id]/images/[imageId] should return 404 when image not found","invocations":1,"location":null,"numPassingAsserts":1,"retryReasons":[],"startAt":1778732646171,"status":"passed","title":"should return 404 when image not found"},{"ancestorTitles":["DELETE /api/projects/[id]/images/[imageId]"],"duration":10,"failing":false,"failureDetails":[],"failureMessages":[],"fullName":"DELETE /api/projects/[id]/images/[imageId] should return 204 even if Supabase removal fails but DB record is deleted","invocations":1,"location":null,"numPassingAsserts":2,"retryReasons":[],"startAt":1778732646172,"status":"passed","title":"should return 204 even if Supabase removal fails but DB record is deleted"},{"ancestorTitles":["DELETE /api/projects/[id]/images/[imageId]"],"duration":1,"failing":false,"failureDetails":[],"failureMessages":[],"fullName":"DELETE /api/projects/[id]/images/[imageId] should return 401 when unauthenticated","invocations":1,"location":null,"numPassingAsserts":1,"retryReasons":[],"startAt":1778732646183,"status":"passed","title":"should return 401 when unauthenticated"},{"ancestorTitles":["GET /api/auth/facebook/webhook — verification"],"duration":5,"failing":false,"failureDetails":[{}],"failureMessages":["TypeError: res.text is not a function\n    at Object.text (C:\\Users\\kjlup\\projects\\websites\\insta-auto\\insta-auto\\sns-instagram\\__tests__\\unit\\api\\apiRoutes.test.ts:305:28)\n    at processTicksAndRejections (node:internal/process/task_queues:105:5)"],"fullName":"GET /api/auth/facebook/webhook — verification should return challenge string for valid mode and matching token","invocations":1,"location":null,"numPassingAsserts":0,"retryReasons":[],"startAt":1778732646184,"status":"failed","title":"should return challenge string for valid mode and matching token"},{"ancestorTitles":["GET /api/auth/facebook/webhook — verification"],"duration":1,"failing":false,"failureDetails":[],"failureMessages":[],"fullName":"GET /api/auth/facebook/webhook — verification should return 403 for wrong token","invocations":1,"location":null,"numPassingAsserts":1,"retryReasons":[],"startAt":1778732646225,"status":"passed","title":"should return 403 for wrong token"},{"ancestorTitles":["GET /api/auth/facebook/webhook — verification"],"duration":2,"failing":false,"failureDetails":[],"failureMessages":[],"fullName":"GET /api/auth/facebook/webhook — verification should return 403 for wrong mode","invocations":1,"location":null,"numPassingAsserts":1,"retryReasons":[],"startAt":1778732646226,"status":"passed","title":"should return 403 for wrong mode"},{"ancestorTitles":["GET /api/auth/facebook/webhook — verification"],"duration":2,"failing":false,"failureDetails":[{}],"failureMessages":["TypeError: res.text is not a function\n    at Object.text (C:\\Users\\kjlup\\projects\\websites\\insta-auto\\insta-auto\\sns-instagram\\__tests__\\unit\\api\\apiRoutes.test.ts:326:28)\n    at processTicksAndRejections (node:internal/process/task_queues:105:5)"],"fullName":"GET /api/auth/facebook/webhook — verification should return 200 with empty body if missing challenge","invocations":1,"location":null,"numPassingAsserts":0,"retryReasons":[],"startAt":1778732646229,"status":"failed","title":"should return 200 with empty body if missing challenge"},{"ancestorTitles":["POST /api/auth/facebook/webhook — event processing"],"duration":11,"failing":false,"failureDetails":[{"matcherResult":{"actual":400,"expected":200,"message":"expect(received).toBe(expected) // Object.is equality\n\nExpected: 200\nReceived: 400","name":"toBe","pass":false}}],"failureMessages":["Error: expect(received).toBe(expected) // Object.is equality\n\nExpected: 200\nReceived: 400\n    at Object.toBe (C:\\Users\\kjlup\\projects\\websites\\insta-auto\\insta-auto\\sns-instagram\\__tests__\\unit\\api\\apiRoutes.test.ts:368:24)\n    at processTicksAndRejections (node:internal/process/task_queues:105:5)"],"fullName":"POST /api/auth/facebook/webhook — event processing should return 200 and success true for valid signature","invocations":1,"location":null,"numPassingAsserts":0,"retryReasons":[],"startAt":1778732646234,"status":"failed","title":"should return 200 and success true for valid signature"},{"ancestorTitles":["POST /api/auth/facebook/webhook — event processing"],"duration":1,"failing":false,"failureDetails":[],"failureMessages":[],"fullName":"POST /api/auth/facebook/webhook — event processing should return 400 for invalid signature (body tampered)","invocations":1,"location":null,"numPassingAsserts":1,"retryReasons":[],"startAt":1778732646246,"status":"passed","title":"should return 400 for invalid signature (body tampered)"},{"ancestorTitles":["POST /api/auth/facebook/webhook — event processing"],"duration":2,"failing":false,"failureDetails":[],"failureMessages":[],"fullName":"POST /api/auth/facebook/webhook — event processing should return 400 when x-hub-signature-256 header is missing","invocations":1,"location":null,"numPassingAsserts":1,"retryReasons":[],"startAt":1778732646247,"status":"passed","title":"should return 400 when x-hub-signature-256 header is missing"},{"ancestorTitles":["POST /api/auth/facebook/webhook — event processing"],"duration":6,"failing":false,"failureDetails":[{"matcherResult":{"actual":400,"expected":500,"message":"expect(received).toBe(expected) // Object.is equality\n\nExpected: 500\nReceived: 400","name":"toBe","pass":false}}],"failureMessages":["Error: expect(received).toBe(expected) // Object.is equality\n\nExpected: 500\nReceived: 400\n    at Object.toBe (C:\\Users\\kjlup\\projects\\websites\\insta-auto\\insta-auto\\sns-instagram\\__tests__\\unit\\api\\apiRoutes.test.ts:409:24)\n    at processTicksAndRejections (node:internal/process/task_queues:105:5)"],"fullName":"POST /api/auth/facebook/webhook — event processing should return 500 for malformed JSON body","invocations":1,"location":null,"numPassingAsserts":0,"retryReasons":[],"startAt":1778732646249,"status":"failed","title":"should return 500 for malformed JSON body"},{"ancestorTitles":["POST /api/generate"],"duration":2,"failing":false,"failureDetails":[],"failureMessages":[],"fullName":"POST /api/generate should succeed with images[] format","invocations":1,"location":null,"numPassingAsserts":4,"retryReasons":[],"startAt":1778732646256,"status":"passed","title":"should succeed with images[] format"},{"ancestorTitles":["POST /api/generate"],"duration":6,"failing":false,"failureDetails":[{"matcherResult":{"message":"expect(jest.fn()).toHaveBeenCalledWith(...expected)\n\nExpected: ObjectContaining {\"images\": Any<Array>}, Anything, Anything\nReceived: {\"aiUsageOption\": \"Normal AI Use\", \"apiKey\": \"test-gemini-key\", \"currentCaption\": undefined, \"images\": [{\"inlineData\": {\"data\": \"abc\", \"mimeType\": \"image/jpeg\"}}], \"pastCaptions\": [], \"projectContext\": undefined, \"projectId\": undefined, \"userId\": \"user-1\", \"userPrompt\": undefined}\n\nNumber of calls: 1","pass":false}}],"failureMessages":["Error: expect(jest.fn()).toHaveBeenCalledWith(...expected)\n\nExpected: ObjectContaining {\"images\": Any<Array>}, Anything, Anything\nReceived: {\"aiUsageOption\": \"Normal AI Use\", \"apiKey\": \"test-gemini-key\", \"currentCaption\": undefined, \"images\": [{\"inlineData\": {\"data\": \"abc\", \"mimeType\": \"image/jpeg\"}}], \"pastCaptions\": [], \"projectContext\": undefined, \"projectId\": undefined, \"userId\": \"user-1\", \"userPrompt\": undefined}\n\nNumber of calls: 1\n    at Object.toHaveBeenCalledWith (C:\\Users\\kjlup\\projects\\websites\\insta-auto\\insta-auto\\sns-instagram\\__tests__\\unit\\api\\apiRoutes.test.ts:448:34)\n    at processTicksAndRejections (node:internal/process/task_queues:105:5)"],"fullName":"POST /api/generate should succeed with legacy imageBase64 format","invocations":1,"location":null,"numPassingAsserts":1,"retryReasons":[],"startAt":1778732646258,"status":"failed","title":"should succeed with legacy imageBase64 format"},{"ancestorTitles":["POST /api/generate"],"duration":6,"failing":false,"failureDetails":[],"failureMessages":[],"fullName":"POST /api/generate should strip base64 data-URL prefix","invocations":1,"location":null,"numPassingAsserts":1,"retryReasons":[],"startAt":1778732646268,"status":"passed","title":"should strip base64 data-URL prefix"},{"ancestorTitles":["POST /api/generate"],"duration":2,"failing":false,"failureDetails":[],"failureMessages":[],"fullName":"POST /api/generate should return 500 when GEMINI_API_KEY is missing","invocations":1,"location":null,"numPassingAsserts":1,"retryReasons":[],"startAt":1778732646274,"status":"passed","title":"should return 500 when GEMINI_API_KEY is missing"},{"ancestorTitles":["POST /api/generate"],"duration":3,"failing":false,"failureDetails":[{"matcherResult":{"message":"expect(jest.fn()).toHaveBeenCalledWith(...expected)\n\nExpected: Anything, ObjectContaining {\"id\": \"p1\", \"name\": \"Proj\"}, [\"Past caption 1\"]\nReceived: {\"aiUsageOption\": \"Normal AI Use\", \"apiKey\": \"test-gemini-key\", \"currentCaption\": undefined, \"images\": [{\"inlineData\": {\"data\": \"abc\", \"mimeType\": \"image/jpeg\"}}], \"pastCaptions\": [\"Past caption 1\"], \"projectContext\": {\"ageRange\": undefined, \"campaignDuration\": undefined, \"campaignSpecificInstructions\": undefined, \"customPromptNotes\": undefined, \"defaultHashtags\": undefined, \"description\": undefined, \"exampleCaptions\": undefined, \"gender\": undefined, \"location\": undefined, \"objective\": undefined, \"postingFrequency\": undefined, \"preferredCtaTypes\": undefined, \"preferredTimeSlots\": undefined, \"profession\": undefined, \"title\": \"Proj\", \"toneRestrictions\": undefined, \"toneStyle\": undefined, \"wordsToAvoid\": undefined, \"writingStyleNotes\": undefined}, \"projectId\": \"p1\", \"userId\": \"user-1\", \"userPrompt\": undefined}\n\nNumber of calls: 1","pass":false}}],"failureMessages":["Error: expect(jest.fn()).toHaveBeenCalledWith(...expected)\n\nExpected: Anything, ObjectContaining {\"id\": \"p1\", \"name\": \"Proj\"}, [\"Past caption 1\"]\nReceived: {\"aiUsageOption\": \"Normal AI Use\", \"apiKey\": \"test-gemini-key\", \"currentCaption\": undefined, \"images\": [{\"inlineData\": {\"data\": \"abc\", \"mimeType\": \"image/jpeg\"}}], \"pastCaptions\": [\"Past caption 1\"], \"projectContext\": {\"ageRange\": undefined, \"campaignDuration\": undefined, \"campaignSpecificInstructions\": undefined, \"customPromptNotes\": undefined, \"defaultHashtags\": undefined, \"description\": undefined, \"exampleCaptions\": undefined, \"gender\": undefined, \"location\": undefined, \"objective\": undefined, \"postingFrequency\": undefined, \"preferredCtaTypes\": undefined, \"preferredTimeSlots\": undefined, \"profession\": undefined, \"title\": \"Proj\", \"toneRestrictions\": undefined, \"toneStyle\": undefined, \"wordsToAvoid\": undefined, \"writingStyleNotes\": undefined}, \"projectId\": \"p1\", \"userId\": \"user-1\", \"userPrompt\": undefined}\n\nNumber of calls: 1\n    at Object.toHaveBeenCalledWith (C:\\Users\\kjlup\\projects\\websites\\insta-auto\\insta-auto\\sns-instagram\\__tests__\\unit\\api\\apiRoutes.test.ts:496:34)\n    at processTicksAndRejections (node:internal/process/task_queues:105:5)"],"fullName":"POST /api/generate should fetch project and top captions when projectId is provided","invocations":1,"location":null,"numPassingAsserts":0,"retryReasons":[],"startAt":1778732646276,"status":"failed","title":"should fetch project and top captions when projectId is provided"},{"ancestorTitles":["POST /api/generate"],"duration":1,"failing":false,"failureDetails":[],"failureMessages":[],"fullName":"POST /api/generate should return 404 when non-existent projectId is provided","invocations":1,"location":null,"numPassingAsserts":1,"retryReasons":[],"startAt":1778732646280,"status":"passed","title":"should return 404 when non-existent projectId is provided"},{"ancestorTitles":["POST /api/generate"],"duration":0,"failing":false,"failureDetails":[],"failureMessages":[],"fullName":"POST /api/generate should return 401 when unauthenticated","invocations":1,"location":null,"numPassingAsserts":1,"retryReasons":[],"startAt":1778732646281,"status":"passed","title":"should return 401 when unauthenticated"}],"endTime":1778732646422,"message":"  ● GET /api/auth/facebook/webhook — verification › should return challenge string for valid mode and matching token\n\n    TypeError: res.text is not a function\n\n    \u001b[0m \u001b[90m 303 |\u001b[39m     \u001b[36mconst\u001b[39m req \u001b[33m=\u001b[39m \u001b[36mnew\u001b[39m \u001b[33mRequest\u001b[39m(\u001b[32m'http://localhost?hub.mode=subscribe&hub.verify_token=test-verify-token&hub.challenge=challenge-xyz'\u001b[39m)\n     \u001b[90m 304 |\u001b[39m     \u001b[36mconst\u001b[39m res \u001b[33m=\u001b[39m \u001b[36mawait\u001b[39m webhookGet(req)\n    \u001b[31m\u001b[1m>\u001b[22m\u001b[39m\u001b[90m 305 |\u001b[39m     \u001b[36mconst\u001b[39m text \u001b[33m=\u001b[39m \u001b[36mawait\u001b[39m res\u001b[33m.\u001b[39mtext()\n     \u001b[90m     |\u001b[39m                            \u001b[31m\u001b[1m^\u001b[22m\u001b[39m\n     \u001b[90m 306 |\u001b[39m\n     \u001b[90m 307 |\u001b[39m     expect(res\u001b[33m.\u001b[39mstatus)\u001b[33m.\u001b[39mtoBe(\u001b[35m200\u001b[39m)\n     \u001b[90m 308 |\u001b[39m     expect(text)\u001b[33m.\u001b[39mtoBe(\u001b[32m'challenge-xyz'\u001b[39m)\u001b[0m\n\n      at Object.text (__tests__/unit/api/apiRoutes.test.ts:305:28)\n\n  ● GET /api/auth/facebook/webhook — verification › should return 200 with empty body if missing challenge\n\n    TypeError: res.text is not a function\n\n    \u001b[0m \u001b[90m 324 |\u001b[39m     \u001b[36mconst\u001b[39m req \u001b[33m=\u001b[39m \u001b[36mnew\u001b[39m \u001b[33mRequest\u001b[39m(\u001b[32m'http://localhost?hub.mode=subscribe&hub.verify_token=test-verify-token'\u001b[39m)\n     \u001b[90m 325 |\u001b[39m     \u001b[36mconst\u001b[39m res \u001b[33m=\u001b[39m \u001b[36mawait\u001b[39m webhookGet(req)\n    \u001b[31m\u001b[1m>\u001b[22m\u001b[39m\u001b[90m 326 |\u001b[39m     \u001b[36mconst\u001b[39m text \u001b[33m=\u001b[39m \u001b[36mawait\u001b[39m res\u001b[33m.\u001b[39mtext()\n     \u001b[90m     |\u001b[39m                            \u001b[31m\u001b[1m^\u001b[22m\u001b[39m\n     \u001b[90m 327 |\u001b[39m     expect(res\u001b[33m.\u001b[39mstatus)\u001b[33m.\u001b[39mtoBe(\u001b[35m200\u001b[39m)\n     \u001b[90m 328 |\u001b[39m     expect(text)\u001b[33m.\u001b[39mtoBe(\u001b[32m''\u001b[39m)\n     \u001b[90m 329 |\u001b[39m   })\u001b[0m\n\n      at Object.text (__tests__/unit/api/apiRoutes.test.ts:326:28)\n\n  ● POST /api/auth/facebook/webhook — event processing › should return 200 and success true for valid signature\n\n    expect(received).toBe(expected) // Object.is equality\n\n    Expected: 200\n    Received: 400\n\n    \u001b[0m \u001b[90m 366 |\u001b[39m     \u001b[36mconst\u001b[39m json \u001b[33m=\u001b[39m \u001b[36mawait\u001b[39m res\u001b[33m.\u001b[39mjson()\n     \u001b[90m 367 |\u001b[39m\n    \u001b[31m\u001b[1m>\u001b[22m\u001b[39m\u001b[90m 368 |\u001b[39m     expect(res\u001b[33m.\u001b[39mstatus)\u001b[33m.\u001b[39mtoBe(\u001b[35m200\u001b[39m)\n     \u001b[90m     |\u001b[39m                        \u001b[31m\u001b[1m^\u001b[22m\u001b[39m\n     \u001b[90m 369 |\u001b[39m     expect(json\u001b[33m.\u001b[39msuccess)\u001b[33m.\u001b[39mtoBe(\u001b[36mtrue\u001b[39m)\n     \u001b[90m 370 |\u001b[39m   })\n     \u001b[90m 371 |\u001b[39m\u001b[0m\n\n      at Object.toBe (__tests__/unit/api/apiRoutes.test.ts:368:24)\n\n  ● POST /api/auth/facebook/webhook — event processing › should return 500 for malformed JSON body\n\n    expect(received).toBe(expected) // Object.is equality\n\n    Expected: 500\n    Received: 400\n\n    \u001b[0m \u001b[90m 407 |\u001b[39m     })\n     \u001b[90m 408 |\u001b[39m     \u001b[36mconst\u001b[39m res \u001b[33m=\u001b[39m \u001b[36mawait\u001b[39m webhookPost(req)\n    \u001b[31m\u001b[1m>\u001b[22m\u001b[39m\u001b[90m 409 |\u001b[39m     expect(res\u001b[33m.\u001b[39mstatus)\u001b[33m.\u001b[39mtoBe(\u001b[35m500\u001b[39m)\n     \u001b[90m     |\u001b[39m                        \u001b[31m\u001b[1m^\u001b[22m\u001b[39m\n     \u001b[90m 410 |\u001b[39m   })\n     \u001b[90m 411 |\u001b[39m })\n     \u001b[90m 412 |\u001b[39m\u001b[0m\n\n      at Object.toBe (__tests__/unit/api/apiRoutes.test.ts:409:24)\n\n  ● POST /api/generate › should succeed with legacy imageBase64 format\n\n    expect(jest.fn()).toHaveBeenCalledWith(...expected)\n\n    Expected: ObjectContaining {\"images\": Any<Array>}, Anything, Anything\n    Received: {\"aiUsageOption\": \"Normal AI Use\", \"apiKey\": \"test-gemini-key\", \"currentCaption\": undefined, \"images\": [{\"inlineData\": {\"data\": \"abc\", \"mimeType\": \"image/jpeg\"}}], \"pastCaptions\": [], \"projectContext\": undefined, \"projectId\": undefined, \"userId\": \"user-1\", \"userPrompt\": undefined}\n\n    Number of calls: 1\n\n    \u001b[0m \u001b[90m 446 |\u001b[39m\n     \u001b[90m 447 |\u001b[39m     expect(res\u001b[33m.\u001b[39mstatus)\u001b[33m.\u001b[39mtoBe(\u001b[35m200\u001b[39m)\n    \u001b[31m\u001b[1m>\u001b[22m\u001b[39m\u001b[90m 448 |\u001b[39m     expect(mockGenerateCaptions)\u001b[33m.\u001b[39mtoHaveBeenCalledWith(\n     \u001b[90m     |\u001b[39m                                  \u001b[31m\u001b[1m^\u001b[22m\u001b[39m\n     \u001b[90m 449 |\u001b[39m       expect\u001b[33m.\u001b[39mobjectContaining({ images\u001b[33m:\u001b[39m expect\u001b[33m.\u001b[39many(\u001b[33mArray\u001b[39m) })\u001b[33m,\u001b[39m\n     \u001b[90m 450 |\u001b[39m       expect\u001b[33m.\u001b[39manything()\u001b[33m,\u001b[39m\n     \u001b[90m 451 |\u001b[39m       expect\u001b[33m.\u001b[39manything()\u001b[0m\n\n      at Object.toHaveBeenCalledWith (__tests__/unit/api/apiRoutes.test.ts:448:34)\n\n  ● POST /api/generate › should fetch project and top captions when projectId is provided\n\n    expect(jest.fn()).toHaveBeenCalledWith(...expected)\n\n    Expected: Anything, ObjectContaining {\"id\": \"p1\", \"name\": \"Proj\"}, [\"Past caption 1\"]\n    Received: {\"aiUsageOption\": \"Normal AI Use\", \"apiKey\": \"test-gemini-key\", \"currentCaption\": undefined, \"images\": [{\"inlineData\": {\"data\": \"abc\", \"mimeType\": \"image/jpeg\"}}], \"pastCaptions\": [\"Past caption 1\"], \"projectContext\": {\"ageRange\": undefined, \"campaignDuration\": undefined, \"campaignSpecificInstructions\": undefined, \"customPromptNotes\": undefined, \"defaultHashtags\": undefined, \"description\": undefined, \"exampleCaptions\": undefined, \"gender\": undefined, \"location\": undefined, \"objective\": undefined, \"postingFrequency\": undefined, \"preferredCtaTypes\": undefined, \"preferredTimeSlots\": undefined, \"profession\": undefined, \"title\": \"Proj\", \"toneRestrictions\": undefined, \"toneStyle\": undefined, \"wordsToAvoid\": undefined, \"writingStyleNotes\": undefined}, \"projectId\": \"p1\", \"userId\": \"user-1\", \"userPrompt\": undefined}\n\n    Number of calls: 1\n\n    \u001b[0m \u001b[90m 494 |\u001b[39m     \u001b[36mawait\u001b[39m generatePost(req)\n     \u001b[90m 495 |\u001b[39m\n    \u001b[31m\u001b[1m>\u001b[22m\u001b[39m\u001b[90m 496 |\u001b[39m     expect(mockGenerateCaptions)\u001b[33m.\u001b[39mtoHaveBeenCalledWith(\n     \u001b[90m     |\u001b[39m                                  \u001b[31m\u001b[1m^\u001b[22m\u001b[39m\n     \u001b[90m 497 |\u001b[39m       expect\u001b[33m.\u001b[39manything()\u001b[33m,\u001b[39m\n     \u001b[90m 498 |\u001b[39m       expect\u001b[33m.\u001b[39mobjectContaining({ id\u001b[33m:\u001b[39m \u001b[32m'p1'\u001b[39m\u001b[33m,\u001b[39m name\u001b[33m:\u001b[39m \u001b[32m'Proj'\u001b[39m })\u001b[33m,\u001b[39m\n     \u001b[90m 499 |\u001b[39m       [\u001b[32m'Past caption 1'\u001b[39m]\u001b[0m\n\n      at Object.toHaveBeenCalledWith (__tests__/unit/api/apiRoutes.test.ts:496:34)\n","name":"C:\\Users\\kjlup\\projects\\websites\\insta-auto\\insta-auto\\sns-instagram\\__tests__\\unit\\api\\apiRoutes.test.ts","startTime":1778732643839,"status":"failed","summary":""},{"assertionResults":[{"ancestorTitles":["useMediaManagement › handleFiles"],"duration":46,"failing":false,"failureDetails":[],"failureMessages":[],"fullName":"useMediaManagement › handleFiles adds a single image file","invocations":1,"location":null,"numPassingAsserts":2,"retryReasons":[],"startAt":1778732646484,"status":"passed","title":"adds a single image file"},{"ancestorTitles":["useMediaManagement › handleFiles"],"duration":9,"failing":false,"failureDetails":[],"failureMessages":[],"fullName":"useMediaManagement › handleFiles adds multiple image files","invocations":1,"location":null,"numPassingAsserts":1,"retryReasons":[],"startAt":1778732646531,"status":"passed","title":"adds multiple image files"},{"ancestorTitles":["useMediaManagement › handleFiles"],"duration":9,"failing":false,"failureDetails":[],"failureMessages":[],"fullName":"useMediaManagement › handleFiles replaces existing images when a video is added","invocations":1,"location":null,"numPassingAsserts":2,"retryReasons":[],"startAt":1778732646540,"status":"passed","title":"replaces existing images when a video is added"},{"ancestorTitles":["useMediaManagement › handleFiles"],"duration":12,"failing":false,"failureDetails":[],"failureMessages":[],"fullName":"useMediaManagement › handleFiles limits to 1 video even if multiple are passed","invocations":1,"location":null,"numPassingAsserts":1,"retryReasons":[],"startAt":1778732646549,"status":"passed","title":"limits to 1 video even if multiple are passed"},{"ancestorTitles":["useMediaManagement › handleFiles"],"duration":7,"failing":false,"failureDetails":[],"failureMessages":[],"fullName":"useMediaManagement › handleFiles filters out video files from an image batch","invocations":1,"location":null,"numPassingAsserts":2,"retryReasons":[],"startAt":1778732646561,"status":"passed","title":"filters out video files from an image batch"},{"ancestorTitles":["useMediaManagement › handleFiles"],"duration":5,"failing":false,"failureDetails":[],"failureMessages":[],"fullName":"useMediaManagement › handleFiles does nothing with an empty array","invocations":1,"location":null,"numPassingAsserts":1,"retryReasons":[],"startAt":1778732646569,"status":"passed","title":"does nothing with an empty array"},{"ancestorTitles":["useMediaManagement › handleFiles"],"duration":12,"failing":false,"failureDetails":[],"failureMessages":[],"fullName":"useMediaManagement › handleFiles assigns a unique id to each item","invocations":1,"location":null,"numPassingAsserts":1,"retryReasons":[],"startAt":1778732646575,"status":"passed","title":"assigns a unique id to each item"},{"ancestorTitles":["useMediaManagement › removeMedia / clearMedia"],"duration":7,"failing":false,"failureDetails":[],"failureMessages":[],"fullName":"useMediaManagement › removeMedia / clearMedia removes item by id","invocations":1,"location":null,"numPassingAsserts":2,"retryReasons":[],"startAt":1778732646587,"status":"passed","title":"removes item by id"},{"ancestorTitles":["useMediaManagement › removeMedia / clearMedia"],"duration":6,"failing":false,"failureDetails":[],"failureMessages":[],"fullName":"useMediaManagement › removeMedia / clearMedia is a no-op when id does not exist","invocations":1,"location":null,"numPassingAsserts":1,"retryReasons":[],"startAt":1778732646595,"status":"passed","title":"is a no-op when id does not exist"},{"ancestorTitles":["useMediaManagement › removeMedia / clearMedia"],"duration":11,"failing":false,"failureDetails":[],"failureMessages":[],"fullName":"useMediaManagement › removeMedia / clearMedia clearMedia empties all items","invocations":1,"location":null,"numPassingAsserts":2,"retryReasons":[],"startAt":1778732646602,"status":"passed","title":"clearMedia empties all items"},{"ancestorTitles":["useMediaManagement › loadFromDraft"],"duration":5,"failing":false,"failureDetails":[],"failureMessages":[],"fullName":"useMediaManagement › loadFromDraft loads a single image URL from a draft","invocations":1,"location":null,"numPassingAsserts":2,"retryReasons":[],"startAt":1778732646615,"status":"passed","title":"loads a single image URL from a draft"},{"ancestorTitles":["useMediaManagement › loadFromDraft"],"duration":3,"failing":false,"failureDetails":[],"failureMessages":[],"fullName":"useMediaManagement › loadFromDraft loads multiple URLs from a carousel draft","invocations":1,"location":null,"numPassingAsserts":1,"retryReasons":[],"startAt":1778732646620,"status":"passed","title":"loads multiple URLs from a carousel draft"},{"ancestorTitles":["useMediaManagement › loadFromDraft"],"duration":3,"failing":false,"failureDetails":[],"failureMessages":[],"fullName":"useMediaManagement › loadFromDraft falls back to single URL when JSON parse fails","invocations":1,"location":null,"numPassingAsserts":1,"retryReasons":[],"startAt":1778732646623,"status":"passed","title":"falls back to single URL when JSON parse fails"},{"ancestorTitles":["useMediaManagement › loadFromDraft"],"duration":7,"failing":false,"failureDetails":[],"failureMessages":[],"fullName":"useMediaManagement › loadFromDraft marks video draft items as isVideo=true","invocations":1,"location":null,"numPassingAsserts":2,"retryReasons":[],"startAt":1778732646627,"status":"passed","title":"marks video draft items as isVideo=true"},{"ancestorTitles":["useMediaManagement › loadFromHistory"],"duration":4,"failing":false,"failureDetails":[],"failureMessages":[],"fullName":"useMediaManagement › loadFromHistory appends images without replacing existing ones","invocations":1,"location":null,"numPassingAsserts":1,"retryReasons":[],"startAt":1778732646635,"status":"passed","title":"appends images without replacing existing ones"},{"ancestorTitles":["useMediaManagement › loadFromHistory"],"duration":4,"failing":false,"failureDetails":[],"failureMessages":[],"fullName":"useMediaManagement › loadFromHistory replaces existing content when loading a video from history","invocations":1,"location":null,"numPassingAsserts":2,"retryReasons":[],"startAt":1778732646639,"status":"passed","title":"replaces existing content when loading a video from history"},{"ancestorTitles":["useMediaManagement › loadFromHistory"],"duration":3,"failing":false,"failureDetails":[],"failureMessages":[],"fullName":"useMediaManagement › loadFromHistory does not duplicate carousel URLs","invocations":1,"location":null,"numPassingAsserts":1,"retryReasons":[],"startAt":1778732646643,"status":"passed","title":"does not duplicate carousel URLs"},{"ancestorTitles":["useMediaManagement › loadFromLibrary"],"duration":13,"failing":false,"failureDetails":[],"failureMessages":[],"fullName":"useMediaManagement › loadFromLibrary appends a library image and sets libraryImageId","invocations":1,"location":null,"numPassingAsserts":2,"retryReasons":[],"startAt":1778732646646,"status":"passed","title":"appends a library image and sets libraryImageId"},{"ancestorTitles":["useMediaManagement › loadFromLibrary"],"duration":4,"failing":false,"failureDetails":[],"failureMessages":[],"fullName":"useMediaManagement › loadFromLibrary does not add library images when a video is present","invocations":1,"location":null,"numPassingAsserts":2,"retryReasons":[],"startAt":1778732646659,"status":"passed","title":"does not add library images when a video is present"},{"ancestorTitles":["useMediaManagement › derived flags"],"duration":3,"failing":false,"failureDetails":[],"failureMessages":[],"fullName":"useMediaManagement › derived flags isEmpty is true initially","invocations":1,"location":null,"numPassingAsserts":1,"retryReasons":[],"startAt":1778732646663,"status":"passed","title":"isEmpty is true initially"},{"ancestorTitles":["useMediaManagement › derived flags"],"duration":4,"failing":false,"failureDetails":[],"failureMessages":[],"fullName":"useMediaManagement › derived flags isEmpty becomes false after adding media","invocations":1,"location":null,"numPassingAsserts":1,"retryReasons":[],"startAt":1778732646666,"status":"passed","title":"isEmpty becomes false after adding media"},{"ancestorTitles":["useMediaManagement › derived flags"],"duration":10,"failing":false,"failureDetails":[],"failureMessages":[],"fullName":"useMediaManagement › derived flags isVideo is false for image-only items","invocations":1,"location":null,"numPassingAsserts":1,"retryReasons":[],"startAt":1778732646670,"status":"passed","title":"isVideo is false for image-only items"},{"ancestorTitles":["useMediaManagement › derived flags"],"duration":3,"failing":false,"failureDetails":[],"failureMessages":[],"fullName":"useMediaManagement › derived flags isVideo is true when first item is a video file","invocations":1,"location":null,"numPassingAsserts":1,"retryReasons":[],"startAt":1778732646681,"status":"passed","title":"isVideo is true when first item is a video file"}],"endTime":1778732646688,"message":"","name":"C:\\Users\\kjlup\\projects\\websites\\insta-auto\\insta-auto\\sns-instagram\\__tests__\\unit\\create\\useMediaManagement.test.ts","startTime":1778732643817,"status":"passed","summary":""},{"assertionResults":[{"ancestorTitles":["useProjects › openModal"],"duration":58,"failing":false,"failureDetails":[],"failureMessages":[],"fullName":"useProjects › openModal should open modal and clear fields when no arg is provided","invocations":1,"location":null,"numPassingAsserts":4,"retryReasons":[],"startAt":1778732646349,"status":"passed","title":"should open modal and clear fields when no arg is provided"},{"ancestorTitles":["useProjects › openModal"],"duration":10,"failing":false,"failureDetails":[],"failureMessages":[],"fullName":"useProjects › openModal should open modal and pre-fill fields when project is provided","invocations":1,"location":null,"numPassingAsserts":6,"retryReasons":[],"startAt":1778732646408,"status":"passed","title":"should open modal and pre-fill fields when project is provided"},{"ancestorTitles":["useProjects › openModal"],"duration":8,"failing":false,"failureDetails":[],"failureMessages":[],"fullName":"useProjects › openModal should set isModalOpen false when closeModal is called","invocations":1,"location":null,"numPassingAsserts":1,"retryReasons":[],"startAt":1778732646419,"status":"passed","title":"should set isModalOpen false when closeModal is called"},{"ancestorTitles":["useProjects › openModal"],"duration":5,"failing":false,"failureDetails":[],"failureMessages":[],"fullName":"useProjects › openModal should clear previous field values when openModal is called after edit","invocations":1,"location":null,"numPassingAsserts":2,"retryReasons":[],"startAt":1778732646427,"status":"passed","title":"should clear previous field values when openModal is called after edit"},{"ancestorTitles":["useProjects › openViewModal / closeViewModal"],"duration":7,"failing":false,"failureDetails":[],"failureMessages":[],"fullName":"useProjects › openViewModal / closeViewModal should set viewingProject when openViewModal is called","invocations":1,"location":null,"numPassingAsserts":1,"retryReasons":[],"startAt":1778732646432,"status":"passed","title":"should set viewingProject when openViewModal is called"},{"ancestorTitles":["useProjects › openViewModal / closeViewModal"],"duration":4,"failing":false,"failureDetails":[],"failureMessages":[],"fullName":"useProjects › openViewModal / closeViewModal should clear viewingProject when closeViewModal is called","invocations":1,"location":null,"numPassingAsserts":1,"retryReasons":[],"startAt":1778732646440,"status":"passed","title":"should clear viewingProject when closeViewModal is called"},{"ancestorTitles":["useProjects › handleSave — create"],"duration":22,"failing":false,"failureDetails":[],"failureMessages":[],"fullName":"useProjects › handleSave — create should create new project on success","invocations":1,"location":null,"numPassingAsserts":4,"retryReasons":[],"startAt":1778732646445,"status":"passed","title":"should create new project on success"},{"ancestorTitles":["useProjects › handleSave — create"],"duration":7,"failing":false,"failureDetails":[],"failureMessages":[],"fullName":"useProjects › handleSave — create should parse space/comma separated hashtags and add # prefix","invocations":1,"location":null,"numPassingAsserts":1,"retryReasons":[],"startAt":1778732646468,"status":"passed","title":"should parse space/comma separated hashtags and add # prefix"},{"ancestorTitles":["useProjects › handleSave — create"],"duration":22,"failing":false,"failureDetails":[],"failureMessages":[],"fullName":"useProjects › handleSave — create should not add double prefix if hashtag already has #","invocations":1,"location":null,"numPassingAsserts":1,"retryReasons":[],"startAt":1778732646476,"status":"passed","title":"should not add double prefix if hashtag already has #"},{"ancestorTitles":["useProjects › handleSave — create"],"duration":7,"failing":false,"failureDetails":[],"failureMessages":[],"fullName":"useProjects › handleSave — create should set error and keep modal open on API failure","invocations":1,"location":null,"numPassingAsserts":2,"retryReasons":[],"startAt":1778732646498,"status":"passed","title":"should set error and keep modal open on API failure"},{"ancestorTitles":["useProjects › handleSave — edit"],"duration":26,"failing":false,"failureDetails":[],"failureMessages":[],"fullName":"useProjects › handleSave — edit should update existing project on success","invocations":1,"location":null,"numPassingAsserts":2,"retryReasons":[],"startAt":1778732646505,"status":"passed","title":"should update existing project on success"},{"ancestorTitles":["useProjects › handleDelete"],"duration":6,"failing":false,"failureDetails":[],"failureMessages":[],"fullName":"useProjects › handleDelete should remove project from list when confirmed","invocations":1,"location":null,"numPassingAsserts":2,"retryReasons":[],"startAt":1778732646532,"status":"passed","title":"should remove project from list when confirmed"},{"ancestorTitles":["useProjects › handleDelete"],"duration":16,"failing":false,"failureDetails":[{"matcherResult":{"message":"expect(jest.fn()).not.toHaveBeenCalled()\n\nExpected number of calls: 0\nReceived number of calls: 1\n\n1: \"/api/projects/p1\", {\"method\": \"DELETE\"}","pass":true}}],"failureMessages":["Error: expect(jest.fn()).not.toHaveBeenCalled()\n\nExpected number of calls: 0\nReceived number of calls: 1\n\n1: \"/api/projects/p1\", {\"method\": \"DELETE\"}\n    at Object.toHaveBeenCalled (C:\\Users\\kjlup\\projects\\websites\\insta-auto\\insta-auto\\sns-instagram\\__tests__\\unit\\projects\\useProjects.test.ts:236:27)"],"fullName":"useProjects › handleDelete should not call fetch and unchanged list on cancelled confirm","invocations":1,"location":null,"numPassingAsserts":0,"retryReasons":[],"startAt":1778732646538,"status":"failed","title":"should not call fetch and unchanged list on cancelled confirm"},{"ancestorTitles":["useProjects › handleDelete"],"duration":4,"failing":false,"failureDetails":[{"matcherResult":{"message":"expect(jest.fn()).toHaveBeenCalled()\n\nExpected number of calls: >= 1\nReceived number of calls:    0","pass":false}}],"failureMessages":["Error: expect(jest.fn()).toHaveBeenCalled()\n\nExpected number of calls: >= 1\nReceived number of calls:    0\n    at Object.toHaveBeenCalled (C:\\Users\\kjlup\\projects\\websites\\insta-auto\\insta-auto\\sns-instagram\\__tests__\\unit\\projects\\useProjects.test.ts:249:26)"],"fullName":"useProjects › handleDelete should show alert and unchanged list on API failure","invocations":1,"location":null,"numPassingAsserts":0,"retryReasons":[],"startAt":1778732646601,"status":"failed","title":"should show alert and unchanged list on API failure"}],"endTime":1778732646697,"message":"  ● useProjects › handleDelete › should not call fetch and unchanged list on cancelled confirm\n\n    expect(jest.fn()).not.toHaveBeenCalled()\n\n    Expected number of calls: 0\n    Received number of calls: 1\n\n    1: \"/api/projects/p1\", {\"method\": \"DELETE\"}\n\n    \u001b[0m \u001b[90m 234 |\u001b[39m     })\n     \u001b[90m 235 |\u001b[39m\n    \u001b[31m\u001b[1m>\u001b[22m\u001b[39m\u001b[90m 236 |\u001b[39m     expect(mockFetch)\u001b[33m.\u001b[39mnot\u001b[33m.\u001b[39mtoHaveBeenCalled()\n     \u001b[90m     |\u001b[39m                           \u001b[31m\u001b[1m^\u001b[22m\u001b[39m\n     \u001b[90m 237 |\u001b[39m     expect(result\u001b[33m.\u001b[39mcurrent\u001b[33m.\u001b[39mprojects\u001b[33m.\u001b[39mlength)\u001b[33m.\u001b[39mtoBe(\u001b[35m1\u001b[39m)\n     \u001b[90m 238 |\u001b[39m   })\n     \u001b[90m 239 |\u001b[39m\u001b[0m\n\n      at Object.toHaveBeenCalled (__tests__/unit/projects/useProjects.test.ts:236:27)\n\n  ● useProjects › handleDelete › should show alert and unchanged list on API failure\n\n    expect(jest.fn()).toHaveBeenCalled()\n\n    Expected number of calls: >= 1\n    Received number of calls:    0\n\n    \u001b[0m \u001b[90m 247 |\u001b[39m     })\n     \u001b[90m 248 |\u001b[39m\n    \u001b[31m\u001b[1m>\u001b[22m\u001b[39m\u001b[90m 249 |\u001b[39m     expect(window\u001b[33m.\u001b[39malert)\u001b[33m.\u001b[39mtoHaveBeenCalled()\n     \u001b[90m     |\u001b[39m                          \u001b[31m\u001b[1m^\u001b[22m\u001b[39m\n     \u001b[90m 250 |\u001b[39m     expect(result\u001b[33m.\u001b[39mcurrent\u001b[33m.\u001b[39mprojects\u001b[33m.\u001b[39mlength)\u001b[33m.\u001b[39mtoBe(\u001b[35m1\u001b[39m)\n     \u001b[90m 251 |\u001b[39m   })\n     \u001b[90m 252 |\u001b[39m })\u001b[0m\n\n      at Object.toHaveBeenCalled (__tests__/unit/projects/useProjects.test.ts:249:26)\n","name":"C:\\Users\\kjlup\\projects\\websites\\insta-auto\\insta-auto\\sns-instagram\\__tests__\\unit\\projects\\useProjects.test.ts","startTime":1778732643729,"status":"failed","summary":""},{"assertionResults":[{"ancestorTitles":["saveDraft"],"duration":32,"failing":false,"failureDetails":[],"failureMessages":[],"fullName":"saveDraft should return success and postId when single image is provided","invocations":1,"location":null,"numPassingAsserts":4,"retryReasons":[],"startAt":1778732646159,"status":"passed","title":"should return success and postId when single image is provided"},{"ancestorTitles":["saveDraft"],"duration":2,"failing":false,"failureDetails":[],"failureMessages":[],"fullName":"saveDraft should store imageUrl as JSON array when multiple mediaUrls provided","invocations":1,"location":null,"numPassingAsserts":1,"retryReasons":[],"startAt":1778732646192,"status":"passed","title":"should store imageUrl as JSON array when multiple mediaUrls provided"},{"ancestorTitles":["saveDraft"],"duration":3,"failing":false,"failureDetails":[],"failureMessages":[],"fullName":"saveDraft should return error when connectedAccountId is missing","invocations":1,"location":null,"numPassingAsserts":2,"retryReasons":[],"startAt":1778732646194,"status":"passed","title":"should return error when connectedAccountId is missing"},{"ancestorTitles":["saveDraft"],"duration":1,"failing":false,"failureDetails":[],"failureMessages":[],"fullName":"saveDraft should call projectImage.delete when libraryImageId is present","invocations":1,"location":null,"numPassingAsserts":1,"retryReasons":[],"startAt":1778732646197,"status":"passed","title":"should call projectImage.delete when libraryImageId is present"},{"ancestorTitles":["saveDraft"],"duration":2,"failing":false,"failureDetails":[],"failureMessages":[],"fullName":"saveDraft should not call projectImage.delete when libraryImageId is missing","invocations":1,"location":null,"numPassingAsserts":1,"retryReasons":[],"startAt":1778732646199,"status":"passed","title":"should not call projectImage.delete when libraryImageId is missing"},{"ancestorTitles":["saveDraft"],"duration":1,"failing":false,"failureDetails":[],"failureMessages":[],"fullName":"saveDraft should return error when unauthenticated","invocations":1,"location":null,"numPassingAsserts":2,"retryReasons":[],"startAt":1778732646202,"status":"passed","title":"should return error when unauthenticated"},{"ancestorTitles":["schedulePost"],"duration":4,"failing":false,"failureDetails":[{}],"failureMessages":["TypeError: now should be milliseconds since UNIX epoch\n    at getEpoch (C:\\Users\\kjlup\\projects\\websites\\insta-auto\\insta-auto\\sns-instagram\\node_modules\\@sinonjs\\fake-timers\\src\\fake-timers-src.js:648:15)\n    at Object.setSystemTime (C:\\Users\\kjlup\\projects\\websites\\insta-auto\\insta-auto\\sns-instagram\\node_modules\\@sinonjs\\fake-timers\\src\\fake-timers-src.js:2431:28)\n    at FakeTimers.setSystemTime (C:\\Users\\kjlup\\projects\\websites\\insta-auto\\insta-auto\\sns-instagram\\node_modules\\@jest\\fake-timers\\build\\index.js:619:19)\n    at Object.setSystemTime (C:\\Users\\kjlup\\projects\\websites\\insta-auto\\insta-auto\\sns-instagram\\node_modules\\jest-runtime\\build\\index.js:1812:22)\n    at Object.setSystemTime (C:\\Users\\kjlup\\projects\\websites\\insta-auto\\insta-auto\\sns-instagram\\__tests__\\unit\\create\\createActions.test.ts:139:10)\n    at Promise.finally.completed (C:\\Users\\kjlup\\projects\\websites\\insta-auto\\insta-auto\\sns-instagram\\node_modules\\jest-circus\\build\\jestAdapterInit.js:1557:28)\n    at new Promise (<anonymous>)\n    at callAsyncCircusFn (C:\\Users\\kjlup\\projects\\websites\\insta-auto\\insta-auto\\sns-instagram\\node_modules\\jest-circus\\build\\jestAdapterInit.js:1497:10)\n    at _callCircusHook (C:\\Users\\kjlup\\projects\\websites\\insta-auto\\insta-auto\\sns-instagram\\node_modules\\jest-circus\\build\\jestAdapterInit.js:976:40)\n    at processTicksAndRejections (node:internal/process/task_queues:105:5)\n    at _runTest (C:\\Users\\kjlup\\projects\\websites\\insta-auto\\insta-auto\\sns-instagram\\node_modules\\jest-circus\\build\\jestAdapterInit.js:941:5)\n    at C:\\Users\\kjlup\\projects\\websites\\insta-auto\\insta-auto\\sns-instagram\\node_modules\\jest-circus\\build\\jestAdapterInit.js:849:7\n    at _runTestsForDescribeBlock (C:\\Users\\kjlup\\projects\\websites\\insta-auto\\insta-auto\\sns-instagram\\node_modules\\jest-circus\\build\\jestAdapterInit.js:862:11)\n    at _runTestsForDescribeBlock (C:\\Users\\kjlup\\projects\\websites\\insta-auto\\insta-auto\\sns-instagram\\node_modules\\jest-circus\\build\\jestAdapterInit.js:857:11)\n    at run (C:\\Users\\kjlup\\projects\\websites\\insta-auto\\insta-auto\\sns-instagram\\node_modules\\jest-circus\\build\\jestAdapterInit.js:761:3)\n    at runAndTransformResultsToJestFormat (C:\\Users\\kjlup\\projects\\websites\\insta-auto\\insta-auto\\sns-instagram\\node_modules\\jest-circus\\build\\jestAdapterInit.js:1918:21)\n    at jestAdapter (C:\\Users\\kjlup\\projects\\websites\\insta-auto\\insta-auto\\sns-instagram\\node_modules\\jest-circus\\build\\runner.js:101:19)\n    at runTestInternal (C:\\Users\\kjlup\\projects\\websites\\insta-auto\\insta-auto\\sns-instagram\\node_modules\\jest-runner\\build\\testWorker.js:275:16)\n    at runTest (C:\\Users\\kjlup\\projects\\websites\\insta-auto\\insta-auto\\sns-instagram\\node_modules\\jest-runner\\build\\testWorker.js:343:7)\n    at Object.worker (C:\\Users\\kjlup\\projects\\websites\\insta-auto\\insta-auto\\sns-instagram\\node_modules\\jest-runner\\build\\testWorker.js:497:12)"],"fullName":"schedulePost should create post and PENDING schedule when future scheduledFor is provided","invocations":1,"location":null,"numPassingAsserts":0,"retryReasons":[],"startAt":1778732646204,"status":"failed","title":"should create post and PENDING schedule when future scheduledFor is provided"},{"ancestorTitles":["schedulePost"],"duration":3,"failing":false,"failureDetails":[{}],"failureMessages":["TypeError: now should be milliseconds since UNIX epoch\n    at getEpoch (C:\\Users\\kjlup\\projects\\websites\\insta-auto\\insta-auto\\sns-instagram\\node_modules\\@sinonjs\\fake-timers\\src\\fake-timers-src.js:648:15)\n    at Object.setSystemTime (C:\\Users\\kjlup\\projects\\websites\\insta-auto\\insta-auto\\sns-instagram\\node_modules\\@sinonjs\\fake-timers\\src\\fake-timers-src.js:2431:28)\n    at FakeTimers.setSystemTime (C:\\Users\\kjlup\\projects\\websites\\insta-auto\\insta-auto\\sns-instagram\\node_modules\\@jest\\fake-timers\\build\\index.js:619:19)\n    at Object.setSystemTime (C:\\Users\\kjlup\\projects\\websites\\insta-auto\\insta-auto\\sns-instagram\\node_modules\\jest-runtime\\build\\index.js:1812:22)\n    at Object.setSystemTime (C:\\Users\\kjlup\\projects\\websites\\insta-auto\\insta-auto\\sns-instagram\\__tests__\\unit\\create\\createActions.test.ts:139:10)\n    at Promise.finally.completed (C:\\Users\\kjlup\\projects\\websites\\insta-auto\\insta-auto\\sns-instagram\\node_modules\\jest-circus\\build\\jestAdapterInit.js:1557:28)\n    at new Promise (<anonymous>)\n    at callAsyncCircusFn (C:\\Users\\kjlup\\projects\\websites\\insta-auto\\insta-auto\\sns-instagram\\node_modules\\jest-circus\\build\\jestAdapterInit.js:1497:10)\n    at _callCircusHook (C:\\Users\\kjlup\\projects\\websites\\insta-auto\\insta-auto\\sns-instagram\\node_modules\\jest-circus\\build\\jestAdapterInit.js:976:40)\n    at processTicksAndRejections (node:internal/process/task_queues:105:5)\n    at _runTest (C:\\Users\\kjlup\\projects\\websites\\insta-auto\\insta-auto\\sns-instagram\\node_modules\\jest-circus\\build\\jestAdapterInit.js:941:5)\n    at C:\\Users\\kjlup\\projects\\websites\\insta-auto\\insta-auto\\sns-instagram\\node_modules\\jest-circus\\build\\jestAdapterInit.js:849:7\n    at _runTestsForDescribeBlock (C:\\Users\\kjlup\\projects\\websites\\insta-auto\\insta-auto\\sns-instagram\\node_modules\\jest-circus\\build\\jestAdapterInit.js:862:11)\n    at _runTestsForDescribeBlock (C:\\Users\\kjlup\\projects\\websites\\insta-auto\\insta-auto\\sns-instagram\\node_modules\\jest-circus\\build\\jestAdapterInit.js:857:11)\n    at run (C:\\Users\\kjlup\\projects\\websites\\insta-auto\\insta-auto\\sns-instagram\\node_modules\\jest-circus\\build\\jestAdapterInit.js:761:3)\n    at runAndTransformResultsToJestFormat (C:\\Users\\kjlup\\projects\\websites\\insta-auto\\insta-auto\\sns-instagram\\node_modules\\jest-circus\\build\\jestAdapterInit.js:1918:21)\n    at jestAdapter (C:\\Users\\kjlup\\projects\\websites\\insta-auto\\insta-auto\\sns-instagram\\node_modules\\jest-circus\\build\\runner.js:101:19)\n    at runTestInternal (C:\\Users\\kjlup\\projects\\websites\\insta-auto\\insta-auto\\sns-instagram\\node_modules\\jest-runner\\build\\testWorker.js:275:16)\n    at runTest (C:\\Users\\kjlup\\projects\\websites\\insta-auto\\insta-auto\\sns-instagram\\node_modules\\jest-runner\\build\\testWorker.js:343:7)\n    at Object.worker (C:\\Users\\kjlup\\projects\\websites\\insta-auto\\insta-auto\\sns-instagram\\node_modules\\jest-runner\\build\\testWorker.js:497:12)"],"fullName":"schedulePost should return error when past scheduledFor is provided","invocations":1,"location":null,"numPassingAsserts":0,"retryReasons":[],"startAt":1778732646219,"status":"failed","title":"should return error when past scheduledFor is provided"},{"ancestorTitles":["schedulePost"],"duration":2,"failing":false,"failureDetails":[{}],"failureMessages":["TypeError: now should be milliseconds since UNIX epoch\n    at getEpoch (C:\\Users\\kjlup\\projects\\websites\\insta-auto\\insta-auto\\sns-instagram\\node_modules\\@sinonjs\\fake-timers\\src\\fake-timers-src.js:648:15)\n    at Object.setSystemTime (C:\\Users\\kjlup\\projects\\websites\\insta-auto\\insta-auto\\sns-instagram\\node_modules\\@sinonjs\\fake-timers\\src\\fake-timers-src.js:2431:28)\n    at FakeTimers.setSystemTime (C:\\Users\\kjlup\\projects\\websites\\insta-auto\\insta-auto\\sns-instagram\\node_modules\\@jest\\fake-timers\\build\\index.js:619:19)\n    at Object.setSystemTime (C:\\Users\\kjlup\\projects\\websites\\insta-auto\\insta-auto\\sns-instagram\\node_modules\\jest-runtime\\build\\index.js:1812:22)\n    at Object.setSystemTime (C:\\Users\\kjlup\\projects\\websites\\insta-auto\\insta-auto\\sns-instagram\\__tests__\\unit\\create\\createActions.test.ts:139:10)\n    at Promise.finally.completed (C:\\Users\\kjlup\\projects\\websites\\insta-auto\\insta-auto\\sns-instagram\\node_modules\\jest-circus\\build\\jestAdapterInit.js:1557:28)\n    at new Promise (<anonymous>)\n    at callAsyncCircusFn (C:\\Users\\kjlup\\projects\\websites\\insta-auto\\insta-auto\\sns-instagram\\node_modules\\jest-circus\\build\\jestAdapterInit.js:1497:10)\n    at _callCircusHook (C:\\Users\\kjlup\\projects\\websites\\insta-auto\\insta-auto\\sns-instagram\\node_modules\\jest-circus\\build\\jestAdapterInit.js:976:40)\n    at processTicksAndRejections (node:internal/process/task_queues:105:5)\n    at _runTest (C:\\Users\\kjlup\\projects\\websites\\insta-auto\\insta-auto\\sns-instagram\\node_modules\\jest-circus\\build\\jestAdapterInit.js:941:5)\n    at C:\\Users\\kjlup\\projects\\websites\\insta-auto\\insta-auto\\sns-instagram\\node_modules\\jest-circus\\build\\jestAdapterInit.js:849:7\n    at _runTestsForDescribeBlock (C:\\Users\\kjlup\\projects\\websites\\insta-auto\\insta-auto\\sns-instagram\\node_modules\\jest-circus\\build\\jestAdapterInit.js:862:11)\n    at _runTestsForDescribeBlock (C:\\Users\\kjlup\\projects\\websites\\insta-auto\\insta-auto\\sns-instagram\\node_modules\\jest-circus\\build\\jestAdapterInit.js:857:11)\n    at run (C:\\Users\\kjlup\\projects\\websites\\insta-auto\\insta-auto\\sns-instagram\\node_modules\\jest-circus\\build\\jestAdapterInit.js:761:3)\n    at runAndTransformResultsToJestFormat (C:\\Users\\kjlup\\projects\\websites\\insta-auto\\insta-auto\\sns-instagram\\node_modules\\jest-circus\\build\\jestAdapterInit.js:1918:21)\n    at jestAdapter (C:\\Users\\kjlup\\projects\\websites\\insta-auto\\insta-auto\\sns-instagram\\node_modules\\jest-circus\\build\\runner.js:101:19)\n    at runTestInternal (C:\\Users\\kjlup\\projects\\websites\\insta-auto\\insta-auto\\sns-instagram\\node_modules\\jest-runner\\build\\testWorker.js:275:16)\n    at runTest (C:\\Users\\kjlup\\projects\\websites\\insta-auto\\insta-auto\\sns-instagram\\node_modules\\jest-runner\\build\\testWorker.js:343:7)\n    at Object.worker (C:\\Users\\kjlup\\projects\\websites\\insta-auto\\insta-auto\\sns-instagram\\node_modules\\jest-runner\\build\\testWorker.js:497:12)"],"fullName":"schedulePost should return error when scheduledFor is equal to now","invocations":1,"location":null,"numPassingAsserts":0,"retryReasons":[],"startAt":1778732646223,"status":"failed","title":"should return error when scheduledFor is equal to now"},{"ancestorTitles":["schedulePost"],"duration":3,"failing":false,"failureDetails":[{}],"failureMessages":["TypeError: now should be milliseconds since UNIX epoch\n    at getEpoch (C:\\Users\\kjlup\\projects\\websites\\insta-auto\\insta-auto\\sns-instagram\\node_modules\\@sinonjs\\fake-timers\\src\\fake-timers-src.js:648:15)\n    at Object.setSystemTime (C:\\Users\\kjlup\\projects\\websites\\insta-auto\\insta-auto\\sns-instagram\\node_modules\\@sinonjs\\fake-timers\\src\\fake-timers-src.js:2431:28)\n    at FakeTimers.setSystemTime (C:\\Users\\kjlup\\projects\\websites\\insta-auto\\insta-auto\\sns-instagram\\node_modules\\@jest\\fake-timers\\build\\index.js:619:19)\n    at Object.setSystemTime (C:\\Users\\kjlup\\projects\\websites\\insta-auto\\insta-auto\\sns-instagram\\node_modules\\jest-runtime\\build\\index.js:1812:22)\n    at Object.setSystemTime (C:\\Users\\kjlup\\projects\\websites\\insta-auto\\insta-auto\\sns-instagram\\__tests__\\unit\\create\\createActions.test.ts:139:10)\n    at Promise.finally.completed (C:\\Users\\kjlup\\projects\\websites\\insta-auto\\insta-auto\\sns-instagram\\node_modules\\jest-circus\\build\\jestAdapterInit.js:1557:28)\n    at new Promise (<anonymous>)\n    at callAsyncCircusFn (C:\\Users\\kjlup\\projects\\websites\\insta-auto\\insta-auto\\sns-instagram\\node_modules\\jest-circus\\build\\jestAdapterInit.js:1497:10)\n    at _callCircusHook (C:\\Users\\kjlup\\projects\\websites\\insta-auto\\insta-auto\\sns-instagram\\node_modules\\jest-circus\\build\\jestAdapterInit.js:976:40)\n    at processTicksAndRejections (node:internal/process/task_queues:105:5)\n    at _runTest (C:\\Users\\kjlup\\projects\\websites\\insta-auto\\insta-auto\\sns-instagram\\node_modules\\jest-circus\\build\\jestAdapterInit.js:941:5)\n    at C:\\Users\\kjlup\\projects\\websites\\insta-auto\\insta-auto\\sns-instagram\\node_modules\\jest-circus\\build\\jestAdapterInit.js:849:7\n    at _runTestsForDescribeBlock (C:\\Users\\kjlup\\projects\\websites\\insta-auto\\insta-auto\\sns-instagram\\node_modules\\jest-circus\\build\\jestAdapterInit.js:862:11)\n    at _runTestsForDescribeBlock (C:\\Users\\kjlup\\projects\\websites\\insta-auto\\insta-auto\\sns-instagram\\node_modules\\jest-circus\\build\\jestAdapterInit.js:857:11)\n    at run (C:\\Users\\kjlup\\projects\\websites\\insta-auto\\insta-auto\\sns-instagram\\node_modules\\jest-circus\\build\\jestAdapterInit.js:761:3)\n    at runAndTransformResultsToJestFormat (C:\\Users\\kjlup\\projects\\websites\\insta-auto\\insta-auto\\sns-instagram\\node_modules\\jest-circus\\build\\jestAdapterInit.js:1918:21)\n    at jestAdapter (C:\\Users\\kjlup\\projects\\websites\\insta-auto\\insta-auto\\sns-instagram\\node_modules\\jest-circus\\build\\runner.js:101:19)\n    at runTestInternal (C:\\Users\\kjlup\\projects\\websites\\insta-auto\\insta-auto\\sns-instagram\\node_modules\\jest-runner\\build\\testWorker.js:275:16)\n    at runTest (C:\\Users\\kjlup\\projects\\websites\\insta-auto\\insta-auto\\sns-instagram\\node_modules\\jest-runner\\build\\testWorker.js:343:7)\n    at Object.worker (C:\\Users\\kjlup\\projects\\websites\\insta-auto\\insta-auto\\sns-instagram\\node_modules\\jest-runner\\build\\testWorker.js:497:12)"],"fullName":"schedulePost should return error when scheduledFor is missing","invocations":1,"location":null,"numPassingAsserts":0,"retryReasons":[],"startAt":1778732646226,"status":"failed","title":"should return error when scheduledFor is missing"},{"ancestorTitles":["schedulePost"],"duration":1,"failing":false,"failureDetails":[{}],"failureMessages":["TypeError: now should be milliseconds since UNIX epoch\n    at getEpoch (C:\\Users\\kjlup\\projects\\websites\\insta-auto\\insta-auto\\sns-instagram\\node_modules\\@sinonjs\\fake-timers\\src\\fake-timers-src.js:648:15)\n    at Object.setSystemTime (C:\\Users\\kjlup\\projects\\websites\\insta-auto\\insta-auto\\sns-instagram\\node_modules\\@sinonjs\\fake-timers\\src\\fake-timers-src.js:2431:28)\n    at FakeTimers.setSystemTime (C:\\Users\\kjlup\\projects\\websites\\insta-auto\\insta-auto\\sns-instagram\\node_modules\\@jest\\fake-timers\\build\\index.js:619:19)\n    at Object.setSystemTime (C:\\Users\\kjlup\\projects\\websites\\insta-auto\\insta-auto\\sns-instagram\\node_modules\\jest-runtime\\build\\index.js:1812:22)\n    at Object.setSystemTime (C:\\Users\\kjlup\\projects\\websites\\insta-auto\\insta-auto\\sns-instagram\\__tests__\\unit\\create\\createActions.test.ts:139:10)\n    at Promise.finally.completed (C:\\Users\\kjlup\\projects\\websites\\insta-auto\\insta-auto\\sns-instagram\\node_modules\\jest-circus\\build\\jestAdapterInit.js:1557:28)\n    at new Promise (<anonymous>)\n    at callAsyncCircusFn (C:\\Users\\kjlup\\projects\\websites\\insta-auto\\insta-auto\\sns-instagram\\node_modules\\jest-circus\\build\\jestAdapterInit.js:1497:10)\n    at _callCircusHook (C:\\Users\\kjlup\\projects\\websites\\insta-auto\\insta-auto\\sns-instagram\\node_modules\\jest-circus\\build\\jestAdapterInit.js:976:40)\n    at processTicksAndRejections (node:internal/process/task_queues:105:5)\n    at _runTest (C:\\Users\\kjlup\\projects\\websites\\insta-auto\\insta-auto\\sns-instagram\\node_modules\\jest-circus\\build\\jestAdapterInit.js:941:5)\n    at C:\\Users\\kjlup\\projects\\websites\\insta-auto\\insta-auto\\sns-instagram\\node_modules\\jest-circus\\build\\jestAdapterInit.js:849:7\n    at _runTestsForDescribeBlock (C:\\Users\\kjlup\\projects\\websites\\insta-auto\\insta-auto\\sns-instagram\\node_modules\\jest-circus\\build\\jestAdapterInit.js:862:11)\n    at _runTestsForDescribeBlock (C:\\Users\\kjlup\\projects\\websites\\insta-auto\\insta-auto\\sns-instagram\\node_modules\\jest-circus\\build\\jestAdapterInit.js:857:11)\n    at run (C:\\Users\\kjlup\\projects\\websites\\insta-auto\\insta-auto\\sns-instagram\\node_modules\\jest-circus\\build\\jestAdapterInit.js:761:3)\n    at runAndTransformResultsToJestFormat (C:\\Users\\kjlup\\projects\\websites\\insta-auto\\insta-auto\\sns-instagram\\node_modules\\jest-circus\\build\\jestAdapterInit.js:1918:21)\n    at jestAdapter (C:\\Users\\kjlup\\projects\\websites\\insta-auto\\insta-auto\\sns-instagram\\node_modules\\jest-circus\\build\\runner.js:101:19)\n    at runTestInternal (C:\\Users\\kjlup\\projects\\websites\\insta-auto\\insta-auto\\sns-instagram\\node_modules\\jest-runner\\build\\testWorker.js:275:16)\n    at runTest (C:\\Users\\kjlup\\projects\\websites\\insta-auto\\insta-auto\\sns-instagram\\node_modules\\jest-runner\\build\\testWorker.js:343:7)\n    at Object.worker (C:\\Users\\kjlup\\projects\\websites\\insta-auto\\insta-auto\\sns-instagram\\node_modules\\jest-runner\\build\\testWorker.js:497:12)"],"fullName":"schedulePost should return error when mediaUrl is missing","invocations":1,"location":null,"numPassingAsserts":0,"retryReasons":[],"startAt":1778732646230,"status":"failed","title":"should return error when mediaUrl is missing"},{"ancestorTitles":["schedulePost"],"duration":2,"failing":false,"failureDetails":[{}],"failureMessages":["TypeError: now should be milliseconds since UNIX epoch\n    at getEpoch (C:\\Users\\kjlup\\projects\\websites\\insta-auto\\insta-auto\\sns-instagram\\node_modules\\@sinonjs\\fake-timers\\src\\fake-timers-src.js:648:15)\n    at Object.setSystemTime (C:\\Users\\kjlup\\projects\\websites\\insta-auto\\insta-auto\\sns-instagram\\node_modules\\@sinonjs\\fake-timers\\src\\fake-timers-src.js:2431:28)\n    at FakeTimers.setSystemTime (C:\\Users\\kjlup\\projects\\websites\\insta-auto\\insta-auto\\sns-instagram\\node_modules\\@jest\\fake-timers\\build\\index.js:619:19)\n    at Object.setSystemTime (C:\\Users\\kjlup\\projects\\websites\\insta-auto\\insta-auto\\sns-instagram\\node_modules\\jest-runtime\\build\\index.js:1812:22)\n    at Object.setSystemTime (C:\\Users\\kjlup\\projects\\websites\\insta-auto\\insta-auto\\sns-instagram\\__tests__\\unit\\create\\createActions.test.ts:139:10)\n    at Promise.finally.completed (C:\\Users\\kjlup\\projects\\websites\\insta-auto\\insta-auto\\sns-instagram\\node_modules\\jest-circus\\build\\jestAdapterInit.js:1557:28)\n    at new Promise (<anonymous>)\n    at callAsyncCircusFn (C:\\Users\\kjlup\\projects\\websites\\insta-auto\\insta-auto\\sns-instagram\\node_modules\\jest-circus\\build\\jestAdapterInit.js:1497:10)\n    at _callCircusHook (C:\\Users\\kjlup\\projects\\websites\\insta-auto\\insta-auto\\sns-instagram\\node_modules\\jest-circus\\build\\jestAdapterInit.js:976:40)\n    at processTicksAndRejections (node:internal/process/task_queues:105:5)\n    at _runTest (C:\\Users\\kjlup\\projects\\websites\\insta-auto\\insta-auto\\sns-instagram\\node_modules\\jest-circus\\build\\jestAdapterInit.js:941:5)\n    at C:\\Users\\kjlup\\projects\\websites\\insta-auto\\insta-auto\\sns-instagram\\node_modules\\jest-circus\\build\\jestAdapterInit.js:849:7\n    at _runTestsForDescribeBlock (C:\\Users\\kjlup\\projects\\websites\\insta-auto\\insta-auto\\sns-instagram\\node_modules\\jest-circus\\build\\jestAdapterInit.js:862:11)\n    at _runTestsForDescribeBlock (C:\\Users\\kjlup\\projects\\websites\\insta-auto\\insta-auto\\sns-instagram\\node_modules\\jest-circus\\build\\jestAdapterInit.js:857:11)\n    at run (C:\\Users\\kjlup\\projects\\websites\\insta-auto\\insta-auto\\sns-instagram\\node_modules\\jest-circus\\build\\jestAdapterInit.js:761:3)\n    at runAndTransformResultsToJestFormat (C:\\Users\\kjlup\\projects\\websites\\insta-auto\\insta-auto\\sns-instagram\\node_modules\\jest-circus\\build\\jestAdapterInit.js:1918:21)\n    at jestAdapter (C:\\Users\\kjlup\\projects\\websites\\insta-auto\\insta-auto\\sns-instagram\\node_modules\\jest-circus\\build\\runner.js:101:19)\n    at runTestInternal (C:\\Users\\kjlup\\projects\\websites\\insta-auto\\insta-auto\\sns-instagram\\node_modules\\jest-runner\\build\\testWorker.js:275:16)\n    at runTest (C:\\Users\\kjlup\\projects\\websites\\insta-auto\\insta-auto\\sns-instagram\\node_modules\\jest-runner\\build\\testWorker.js:343:7)\n    at Object.worker (C:\\Users\\kjlup\\projects\\websites\\insta-auto\\insta-auto\\sns-instagram\\node_modules\\jest-runner\\build\\testWorker.js:497:12)"],"fullName":"schedulePost should return error when connectedAccountId is missing","invocations":1,"location":null,"numPassingAsserts":0,"retryReasons":[],"startAt":1778732646232,"status":"failed","title":"should return error when connectedAccountId is missing"},{"ancestorTitles":["schedulePost"],"duration":1,"failing":false,"failureDetails":[{}],"failureMessages":["TypeError: now should be milliseconds since UNIX epoch\n    at getEpoch (C:\\Users\\kjlup\\projects\\websites\\insta-auto\\insta-auto\\sns-instagram\\node_modules\\@sinonjs\\fake-timers\\src\\fake-timers-src.js:648:15)\n    at Object.setSystemTime (C:\\Users\\kjlup\\projects\\websites\\insta-auto\\insta-auto\\sns-instagram\\node_modules\\@sinonjs\\fake-timers\\src\\fake-timers-src.js:2431:28)\n    at FakeTimers.setSystemTime (C:\\Users\\kjlup\\projects\\websites\\insta-auto\\insta-auto\\sns-instagram\\node_modules\\@jest\\fake-timers\\build\\index.js:619:19)\n    at Object.setSystemTime (C:\\Users\\kjlup\\projects\\websites\\insta-auto\\insta-auto\\sns-instagram\\node_modules\\jest-runtime\\build\\index.js:1812:22)\n    at Object.setSystemTime (C:\\Users\\kjlup\\projects\\websites\\insta-auto\\insta-auto\\sns-instagram\\__tests__\\unit\\create\\createActions.test.ts:139:10)\n    at Promise.finally.completed (C:\\Users\\kjlup\\projects\\websites\\insta-auto\\insta-auto\\sns-instagram\\node_modules\\jest-circus\\build\\jestAdapterInit.js:1557:28)\n    at new Promise (<anonymous>)\n    at callAsyncCircusFn (C:\\Users\\kjlup\\projects\\websites\\insta-auto\\insta-auto\\sns-instagram\\node_modules\\jest-circus\\build\\jestAdapterInit.js:1497:10)\n    at _callCircusHook (C:\\Users\\kjlup\\projects\\websites\\insta-auto\\insta-auto\\sns-instagram\\node_modules\\jest-circus\\build\\jestAdapterInit.js:976:40)\n    at processTicksAndRejections (node:internal/process/task_queues:105:5)\n    at _runTest (C:\\Users\\kjlup\\projects\\websites\\insta-auto\\insta-auto\\sns-instagram\\node_modules\\jest-circus\\build\\jestAdapterInit.js:941:5)\n    at C:\\Users\\kjlup\\projects\\websites\\insta-auto\\insta-auto\\sns-instagram\\node_modules\\jest-circus\\build\\jestAdapterInit.js:849:7\n    at _runTestsForDescribeBlock (C:\\Users\\kjlup\\projects\\websites\\insta-auto\\insta-auto\\sns-instagram\\node_modules\\jest-circus\\build\\jestAdapterInit.js:862:11)\n    at _runTestsForDescribeBlock (C:\\Users\\kjlup\\projects\\websites\\insta-auto\\insta-auto\\sns-instagram\\node_modules\\jest-circus\\build\\jestAdapterInit.js:857:11)\n    at run (C:\\Users\\kjlup\\projects\\websites\\insta-auto\\insta-auto\\sns-instagram\\node_modules\\jest-circus\\build\\jestAdapterInit.js:761:3)\n    at runAndTransformResultsToJestFormat (C:\\Users\\kjlup\\projects\\websites\\insta-auto\\insta-auto\\sns-instagram\\node_modules\\jest-circus\\build\\jestAdapterInit.js:1918:21)\n    at jestAdapter (C:\\Users\\kjlup\\projects\\websites\\insta-auto\\insta-auto\\sns-instagram\\node_modules\\jest-circus\\build\\runner.js:101:19)\n    at runTestInternal (C:\\Users\\kjlup\\projects\\websites\\insta-auto\\insta-auto\\sns-instagram\\node_modules\\jest-runner\\build\\testWorker.js:275:16)\n    at runTest (C:\\Users\\kjlup\\projects\\websites\\insta-auto\\insta-auto\\sns-instagram\\node_modules\\jest-runner\\build\\testWorker.js:343:7)\n    at Object.worker (C:\\Users\\kjlup\\projects\\websites\\insta-auto\\insta-auto\\sns-instagram\\node_modules\\jest-runner\\build\\testWorker.js:497:12)"],"fullName":"schedulePost should store imageUrl as JSON array when multiple mediaUrls provided","invocations":1,"location":null,"numPassingAsserts":0,"retryReasons":[],"startAt":1778732646241,"status":"failed","title":"should store imageUrl as JSON array when multiple mediaUrls provided"},{"ancestorTitles":["schedulePost"],"duration":1,"failing":false,"failureDetails":[{}],"failureMessages":["TypeError: now should be milliseconds since UNIX epoch\n    at getEpoch (C:\\Users\\kjlup\\projects\\websites\\insta-auto\\insta-auto\\sns-instagram\\node_modules\\@sinonjs\\fake-timers\\src\\fake-timers-src.js:648:15)\n    at Object.setSystemTime (C:\\Users\\kjlup\\projects\\websites\\insta-auto\\insta-auto\\sns-instagram\\node_modules\\@sinonjs\\fake-timers\\src\\fake-timers-src.js:2431:28)\n    at FakeTimers.setSystemTime (C:\\Users\\kjlup\\projects\\websites\\insta-auto\\insta-auto\\sns-instagram\\node_modules\\@jest\\fake-timers\\build\\index.js:619:19)\n    at Object.setSystemTime (C:\\Users\\kjlup\\projects\\websites\\insta-auto\\insta-auto\\sns-instagram\\node_modules\\jest-runtime\\build\\index.js:1812:22)\n    at Object.setSystemTime (C:\\Users\\kjlup\\projects\\websites\\insta-auto\\insta-auto\\sns-instagram\\__tests__\\unit\\create\\createActions.test.ts:139:10)\n    at Promise.finally.completed (C:\\Users\\kjlup\\projects\\websites\\insta-auto\\insta-auto\\sns-instagram\\node_modules\\jest-circus\\build\\jestAdapterInit.js:1557:28)\n    at new Promise (<anonymous>)\n    at callAsyncCircusFn (C:\\Users\\kjlup\\projects\\websites\\insta-auto\\insta-auto\\sns-instagram\\node_modules\\jest-circus\\build\\jestAdapterInit.js:1497:10)\n    at _callCircusHook (C:\\Users\\kjlup\\projects\\websites\\insta-auto\\insta-auto\\sns-instagram\\node_modules\\jest-circus\\build\\jestAdapterInit.js:976:40)\n    at processTicksAndRejections (node:internal/process/task_queues:105:5)\n    at _runTest (C:\\Users\\kjlup\\projects\\websites\\insta-auto\\insta-auto\\sns-instagram\\node_modules\\jest-circus\\build\\jestAdapterInit.js:941:5)\n    at C:\\Users\\kjlup\\projects\\websites\\insta-auto\\insta-auto\\sns-instagram\\node_modules\\jest-circus\\build\\jestAdapterInit.js:849:7\n    at _runTestsForDescribeBlock (C:\\Users\\kjlup\\projects\\websites\\insta-auto\\insta-auto\\sns-instagram\\node_modules\\jest-circus\\build\\jestAdapterInit.js:862:11)\n    at _runTestsForDescribeBlock (C:\\Users\\kjlup\\projects\\websites\\insta-auto\\insta-auto\\sns-instagram\\node_modules\\jest-circus\\build\\jestAdapterInit.js:857:11)\n    at run (C:\\Users\\kjlup\\projects\\websites\\insta-auto\\insta-auto\\sns-instagram\\node_modules\\jest-circus\\build\\jestAdapterInit.js:761:3)\n    at runAndTransformResultsToJestFormat (C:\\Users\\kjlup\\projects\\websites\\insta-auto\\insta-auto\\sns-instagram\\node_modules\\jest-circus\\build\\jestAdapterInit.js:1918:21)\n    at jestAdapter (C:\\Users\\kjlup\\projects\\websites\\insta-auto\\insta-auto\\sns-instagram\\node_modules\\jest-circus\\build\\runner.js:101:19)\n    at runTestInternal (C:\\Users\\kjlup\\projects\\websites\\insta-auto\\insta-auto\\sns-instagram\\node_modules\\jest-runner\\build\\testWorker.js:275:16)\n    at runTest (C:\\Users\\kjlup\\projects\\websites\\insta-auto\\insta-auto\\sns-instagram\\node_modules\\jest-runner\\build\\testWorker.js:343:7)\n    at Object.worker (C:\\Users\\kjlup\\projects\\websites\\insta-auto\\insta-auto\\sns-instagram\\node_modules\\jest-runner\\build\\testWorker.js:497:12)"],"fullName":"schedulePost should return error when unauthenticated","invocations":1,"location":null,"numPassingAsserts":0,"retryReasons":[],"startAt":1778732646243,"status":"failed","title":"should return error when unauthenticated"},{"ancestorTitles":["publishNow"],"duration":110,"failing":false,"failureDetails":[],"failureMessages":[],"fullName":"publishNow should return success and postId when single image is published","invocations":1,"location":null,"numPassingAsserts":5,"retryReasons":[],"startAt":1778732646248,"status":"passed","title":"should return success and postId when single image is published"},{"ancestorTitles":["publishNow"],"duration":19,"failing":false,"failureDetails":[],"failureMessages":[],"fullName":"publishNow should return success when container polls FINISHED on second attempt","invocations":1,"location":null,"numPassingAsserts":2,"retryReasons":[],"startAt":1778732646358,"status":"passed","title":"should return success when container polls FINISHED on second attempt"},{"ancestorTitles":["publishNow"],"duration":38,"failing":false,"failureDetails":[],"failureMessages":[],"fullName":"publishNow should return error when container ERROR status is returned","invocations":1,"location":null,"numPassingAsserts":2,"retryReasons":[],"startAt":1778732646378,"status":"passed","title":"should return error when container ERROR status is returned"},{"ancestorTitles":["publishNow"],"duration":17,"failing":false,"failureDetails":[],"failureMessages":[],"fullName":"publishNow should return error when container timeout occurs","invocations":1,"location":null,"numPassingAsserts":2,"retryReasons":[],"startAt":1778732646417,"status":"passed","title":"should return error when container timeout occurs"},{"ancestorTitles":["publishNow"],"duration":11,"failing":false,"failureDetails":[],"failureMessages":[],"fullName":"publishNow should retry publish and succeed when fails with subcode 2207027","invocations":1,"location":null,"numPassingAsserts":2,"retryReasons":[],"startAt":1778732646435,"status":"passed","title":"should retry publish and succeed when fails with subcode 2207027"},{"ancestorTitles":["publishNow"],"duration":20,"failing":false,"failureDetails":[],"failureMessages":[],"fullName":"publishNow should return error immediately when publish fails with non-retryable error","invocations":1,"location":null,"numPassingAsserts":2,"retryReasons":[],"startAt":1778732646447,"status":"passed","title":"should return error immediately when publish fails with non-retryable error"},{"ancestorTitles":["publishNow"],"duration":13,"failing":false,"failureDetails":[{"matcherResult":{"message":"expect(received).toContain(expected) // indexOf\n\nExpected substring: \"media_type=CAROUSEL\"\nReceived string:    \"{\\\"media_type\\\":\\\"CAROUSEL\\\",\\\"children\\\":\\\"child-1,child-2,child-3\\\",\\\"caption\\\":\\\"Test caption\\\",\\\"access_token\\\":\\\"token-abc\\\"}\"","pass":false}}],"failureMessages":["Error: expect(received).toContain(expected) // indexOf\n\nExpected substring: \"media_type=CAROUSEL\"\nReceived string:    \"{\\\"media_type\\\":\\\"CAROUSEL\\\",\\\"children\\\":\\\"child-1,child-2,child-3\\\",\\\"caption\\\":\\\"Test caption\\\",\\\"access_token\\\":\\\"token-abc\\\"}\"\n    at Object.toContain (C:\\Users\\kjlup\\projects\\websites\\insta-auto\\insta-auto\\sns-instagram\\__tests__\\unit\\create\\createActions.test.ts:354:39)\n    at processTicksAndRejections (node:internal/process/task_queues:105:5)"],"fullName":"publishNow should return success for carousel with 3 images","invocations":1,"location":null,"numPassingAsserts":1,"retryReasons":[],"startAt":1778732646479,"status":"failed","title":"should return success for carousel with 3 images"},{"ancestorTitles":["publishNow"],"duration":12,"failing":false,"failureDetails":[],"failureMessages":[],"fullName":"publishNow should return error when connectedAccountId is missing","invocations":1,"location":null,"numPassingAsserts":1,"retryReasons":[],"startAt":1778732646529,"status":"passed","title":"should return error when connectedAccountId is missing"},{"ancestorTitles":["publishNow"],"duration":40,"failing":false,"failureDetails":[],"failureMessages":[],"fullName":"publishNow should return error when mediaUrl is missing","invocations":1,"location":null,"numPassingAsserts":1,"retryReasons":[],"startAt":1778732646541,"status":"passed","title":"should return error when mediaUrl is missing"},{"ancestorTitles":["publishNow"],"duration":15,"failing":false,"failureDetails":[],"failureMessages":[],"fullName":"publishNow should return error when account is not in DB","invocations":1,"location":null,"numPassingAsserts":1,"retryReasons":[],"startAt":1778732646582,"status":"passed","title":"should return error when account is not in DB"},{"ancestorTitles":["publishNow"],"duration":19,"failing":false,"failureDetails":[],"failureMessages":[],"fullName":"publishNow should return error when unauthenticated","invocations":1,"location":null,"numPassingAsserts":1,"retryReasons":[],"startAt":1778732646597,"status":"passed","title":"should return error when unauthenticated"},{"ancestorTitles":["getSignedUploadUrl"],"duration":1,"failing":false,"failureDetails":[],"failureMessages":[],"fullName
[...]
 when username is null"},{"ancestorTitles":["MobilePreviewModal"],"duration":46,"failing":false,"failureDetails":[],"failureMessages":[],"fullName":"MobilePreviewModal shows carousel controls when multiple mediaItems present","invocations":1,"location":null,"numPassingAsserts":1,"retryReasons":[],"startAt":1778732647428,"status":"passed","title":"shows carousel controls when multiple mediaItems present"},{"ancestorTitles":["MobilePreviewModal"],"duration":22,"failing":false,"failureDetails":[],"failureMessages":[],"fullName":"MobilePreviewModal does not show carousel counter for single item","invocations":1,"location":null,"numPassingAsserts":1,"retryReasons":[],"startAt":1778732647474,"status":"passed","title":"does not show carousel counter for single item"},{"ancestorTitles":["MobilePreviewModal"],"duration":15,"failing":false,"failureDetails":[],"failureMessages":[],"fullName":"MobilePreviewModal calls setPreviewIndex when next arrow clicked","invocations":1,"location":null,"numPassingAsserts":1,"retryReasons":[],"startAt":1778732647496,"status":"passed","title":"calls setPreviewIndex when next arrow clicked"},{"ancestorTitles":["MobilePreviewModal"],"duration":16,"failing":false,"failureDetails":[],"failureMessages":[],"fullName":"MobilePreviewModal does not show prev arrow when previewIndex is 0","invocations":1,"location":null,"numPassingAsserts":1,"retryReasons":[],"startAt":1778732647512,"status":"passed","title":"does not show prev arrow when previewIndex is 0"},{"ancestorTitles":["MobilePreviewModal"],"duration":11,"failing":false,"failureDetails":[],"failureMessages":[],"fullName":"MobilePreviewModal calls onClose when backdrop clicked","invocations":1,"location":null,"numPassingAsserts":1,"retryReasons":[],"startAt":1778732647528,"status":"passed","title":"calls onClose when backdrop clicked"}],"endTime":1778732647542,"message":"","name":"C:\\Users\\kjlup\\projects\\websites\\insta-auto\\insta-auto\\sns-instagram\\__tests__\\unit\\create\\modals.test.tsx","startTime":1778732643736,"status":"passed","summary":""},{"assertionResults":[{"ancestorTitles":["get30DayActivityData"],"duration":41,"failing":false,"failureDetails":[],"failureMessages":[],"fullName":"get30DayActivityData should return exactly 30 entries with count=0 and height=2 when no posts provided","invocations":1,"location":null,"numPassingAsserts":3,"retryReasons":[],"startAt":1778732647493,"status":"passed","title":"should return exactly 30 entries with count=0 and height=2 when no posts provided"},{"ancestorTitles":["get30DayActivityData"],"duration":3,"failing":false,"failureDetails":[],"failureMessages":[],"fullName":"get30DayActivityData should count a post created today in the most recent entry","invocations":1,"location":null,"numPassingAsserts":1,"retryReasons":[],"startAt":1778732647535,"status":"passed","title":"should count a post created today in the most recent entry"},{"ancestorTitles":["get30DayActivityData"],"duration":2,"failing":false,"failureDetails":[],"failureMessages":[],"fullName":"get30DayActivityData should ignore posts created more than 30 days ago","invocations":1,"location":null,"numPassingAsserts":1,"retryReasons":[],"startAt":1778732647538,"status":"passed","title":"should ignore posts created more than 30 days ago"},{"ancestorTitles":["get30DayActivityData"],"duration":3,"failing":false,"failureDetails":[],"failureMessages":[],"fullName":"get30DayActivityData should set height to 100 for the highest activity day and others proportional","invocations":1,"location":null,"numPassingAsserts":4,"retryReasons":[],"startAt":1778732647540,"status":"passed","title":"should set height to 100 for the highest activity day and others proportional"},{"ancestorTitles":["get30DayActivityData"],"duration":3,"failing":false,"failureDetails":[],"failureMessages":[],"fullName":"get30DayActivityData should increment publishedCount when a post has a PUBLISHED schedule","invocations":1,"location":null,"numPassingAsserts":2,"retryReasons":[],"startAt":1778732647544,"status":"passed","title":"should increment publishedCount when a post has a PUBLISHED schedule"},{"ancestorTitles":["get30DayActivityData"],"duration":3,"failing":false,"failureDetails":[],"failureMessages":[],"fullName":"get30DayActivityData should NOT increment publishedCount for DRAFT or PENDING posts","invocations":1,"location":null,"numPassingAsserts":2,"retryReasons":[],"startAt":1778732647547,"status":"passed","title":"should NOT increment publishedCount for DRAFT or PENDING posts"},{"ancestorTitles":["get30DayActivityData"],"duration":5,"failing":false,"failureDetails":[],"failureMessages":[],"fullName":"get30DayActivityData should never return a height below 2 to maintain visual visibility","invocations":1,"location":null,"numPassingAsserts":2,"retryReasons":[],"startAt":1778732647550,"status":"passed","title":"should never return a height below 2 to maintain visual visibility"},{"ancestorTitles":["get30DayActivityData"],"duration":4,"failing":false,"failureDetails":[],"failureMessages":[],"fullName":"get30DayActivityData should return pubHeight as 0 when there are no published posts","invocations":1,"location":null,"numPassingAsserts":1,"retryReasons":[],"startAt":1778732647555,"status":"passed","title":"should return pubHeight as 0 when there are no published posts"},{"ancestorTitles":["get30DayActivityData"],"duration":4,"failing":false,"failureDetails":[],"failureMessages":[],"fullName":"get30DayActivityData should provide labels every 6 days","invocations":1,"location":null,"numPassingAsserts":6,"retryReasons":[],"startAt":1778732647559,"status":"passed","title":"should provide labels every 6 days"}],"endTime":1778732647567,"message":"","name":"C:\\Users\\kjlup\\projects\\websites\\insta-auto\\insta-auto\\sns-instagram\\__tests__\\unit\\analytics\\get30DayActivityData.test.ts","startTime":1778732646732,"status":"passed","summary":""},{"assertionResults":[{"ancestorTitles":["AccountContext"],"duration":40,"failing":false,"failureDetails":[],"failureMessages":[],"fullName":"AccountContext should throw an error when useAccount is used outside of an AccountProvider","invocations":1,"location":null,"numPassingAsserts":1,"retryReasons":[],"startAt":1778732647497,"status":"passed","title":"should throw an error when useAccount is used outside of an AccountProvider"},{"ancestorTitles":["AccountContext"],"duration":52,"failing":false,"failureDetails":[],"failureMessages":[],"fullName":"AccountContext should provide initial account data and allow updating the selected account","invocations":1,"location":null,"numPassingAsserts":4,"retryReasons":[],"startAt":1778732647537,"status":"passed","title":"should provide initial account data and allow updating the selected account"},{"ancestorTitles":["AccountContext"],"duration":8,"failing":false,"failureDetails":[],"failureMessages":[],"fullName":"AccountContext should automatically switch to the first available account if the current selection becomes invalid","invocations":1,"location":null,"numPassingAsserts":1,"retryReasons":[],"startAt":1778732647589,"status":"passed","title":"should automatically switch to the first available account if the current selection becomes invalid"}],"endTime":1778732647599,"message":"","name":"C:\\Users\\kjlup\\projects\\websites\\insta-auto\\insta-auto\\sns-instagram\\__tests__\\unit\\context\\AccountContext.test.tsx","startTime":1778732647038,"status":"passed","summary":""},{"assertionResults":[{"ancestorTitles":["Create Actions","saveDraft"],"duration":5,"failing":false,"failureDetails":[],"failureMessages":[],"fullName":"Create Actions saveDraft should return success and create post with single image correctly","invocations":1,"location":null,"numPassingAsserts":4,"retryReasons":[],"startAt":1778732647583,"status":"passed","title":"should return success and create post with single image correctly"},{"ancestorTitles":["Create Actions","saveDraft"],"duration":3,"failing":false,"failureDetails":[],"failureMessages":[],"fullName":"Create Actions saveDraft should return success and create post with JSON array imageUrl when multiple mediaUrls provided","invocations":1,"location":null,"numPassingAsserts":1,"retryReasons":[],"startAt":1778732647588,"status":"passed","title":"should return success and create post with JSON array imageUrl when multiple mediaUrls provided"},{"ancestorTitles":["Create Actions","saveDraft"],"duration":2,"failing":false,"failureDetails":[],"failureMessages":[],"fullName":"Create Actions saveDraft should return error if connectedAccountId is missing","invocations":1,"location":null,"numPassingAsserts":1,"retryReasons":[],"startAt":1778732647591,"status":"passed","title":"should return error if connectedAccountId is missing"},{"ancestorTitles":["Create Actions","saveDraft"],"duration":31,"failing":false,"failureDetails":[],"failureMessages":[],"fullName":"Create Actions saveDraft should consume the library image when libraryImageId is provided","invocations":1,"location":null,"numPassingAsserts":1,"retryReasons":[],"startAt":1778732647593,"status":"passed","title":"should consume the library image when libraryImageId is provided"},{"ancestorTitles":["Create Actions","saveDraft"],"duration":2,"failing":false,"failureDetails":[],"failureMessages":[],"fullName":"Create Actions saveDraft should NOT attempt library image deletion when libraryImageId is NOT provided","invocations":1,"location":null,"numPassingAsserts":1,"retryReasons":[],"startAt":1778732647624,"status":"passed","title":"should NOT attempt library image deletion when libraryImageId is NOT provided"},{"ancestorTitles":["Create Actions","saveDraft"],"duration":1,"failing":false,"failureDetails":[],"failureMessages":[],"fullName":"Create Actions saveDraft should return error when unauthenticated","invocations":1,"location":null,"numPassingAsserts":1,"retryReasons":[],"startAt":1778732647626,"status":"passed","title":"should return error when unauthenticated"},{"ancestorTitles":["Create Actions","schedulePost"],"duration":2,"failing":false,"failureDetails":[],"failureMessages":[],"fullName":"Create Actions schedulePost should return success and save with PENDING schedule when scheduled for future time","invocations":1,"location":null,"numPassingAsserts":2,"retryReasons":[],"startAt":1778732647627,"status":"passed","title":"should return success and save with PENDING schedule when scheduled for future time"},{"ancestorTitles":["Create Actions","schedulePost"],"duration":1,"failing":false,"failureDetails":[],"failureMessages":[],"fullName":"Create Actions schedulePost should return error when scheduled time is in the past","invocations":1,"location":null,"numPassingAsserts":1,"retryReasons":[],"startAt":1778732647629,"status":"passed","title":"should return error when scheduled time is in the past"},{"ancestorTitles":["Create Actions","schedulePost"],"duration":1,"failing":false,"failureDetails":[],"failureMessages":[],"fullName":"Create Actions schedulePost should return error when scheduled time is current time","invocations":1,"location":null,"numPassingAsserts":1,"retryReasons":[],"startAt":1778732647630,"status":"passed","title":"should return error when scheduled time is current time"},{"ancestorTitles":["Create Actions","schedulePost"],"duration":1,"failing":false,"failureDetails":[],"failureMessages":[],"fullName":"Create Actions schedulePost should return error when scheduledFor is missing","invocations":1,"location":null,"numPassingAsserts":1,"retryReasons":[],"startAt":1778732647631,"status":"passed","title":"should return error when scheduledFor is missing"},{"ancestorTitles":["Create Actions","schedulePost"],"duration":1,"failing":false,"failureDetails":[],"failureMessages":[],"fullName":"Create Actions schedulePost should return error when mediaUrl is missing","invocations":1,"location":null,"numPassingAsserts":1,"retryReasons":[],"startAt":1778732647632,"status":"passed","title":"should return error when mediaUrl is missing"},{"ancestorTitles":["Create Actions","schedulePost"],"duration":2,"failing":false,"failureDetails":[],"failureMessages":[],"fullName":"Create Actions schedulePost should store imageUrl as JSON array when multiple mediaUrls provided","invocations":1,"location":null,"numPassingAsserts":1,"retryReasons":[],"startAt":1778732647633,"status":"passed","title":"should store imageUrl as JSON array when multiple mediaUrls provided"},{"ancestorTitles":["Create Actions","publishNow"],"duration":4,"failing":false,"failureDetails":[],"failureMessages":[],"fullName":"Create Actions publishNow should return success and publish single image correctly","invocations":1,"location":null,"numPassingAsserts":3,"retryReasons":[],"startAt":1778732647635,"status":"passed","title":"should return success and publish single image correctly"},{"ancestorTitles":["Create Actions","publishNow"],"duration":7,"failing":false,"failureDetails":[],"failureMessages":[],"fullName":"Create Actions publishNow should return success after container polling FINISHED on second poll","invocations":1,"location":null,"numPassingAsserts":2,"retryReasons":[],"startAt":1778732647639,"status":"passed","title":"should return success after container polling FINISHED on second poll"},{"ancestorTitles":["Create Actions","publishNow"],"duration":3,"failing":false,"failureDetails":[],"failureMessages":[],"fullName":"Create Actions publishNow should return error when poll returns ERROR status","invocations":1,"location":null,"numPassingAsserts":1,"retryReasons":[],"startAt":1778732647646,"status":"passed","title":"should return error when poll returns ERROR status"},{"ancestorTitles":["Create Actions","publishNow"],"duration":4,"failing":false,"failureDetails":[],"failureMessages":[],"fullName":"Create Actions publishNow should return error when container timeout occurs","invocations":1,"location":null,"numPassingAsserts":1,"retryReasons":[],"startAt":1778732647649,"status":"passed","title":"should return error when container timeout occurs"},{"ancestorTitles":["Create Actions","publishNow"],"duration":3,"failing":false,"failureDetails":[],"failureMessages":[],"fullName":"Create Actions publishNow should retry up to 3 times and succeed if publish fails with subcode 2207027","invocations":1,"location":null,"numPassingAsserts":2,"retryReasons":[],"startAt":1778732647653,"status":"passed","title":"should retry up to 3 times and succeed if publish fails with subcode 2207027"},{"ancestorTitles":["Create Actions","publishNow"],"duration":2,"failing":false,"failureDetails":[],"failureMessages":[],"fullName":"Create Actions publishNow should return error after 1 attempt when publish fails with non-retryable error","invocations":1,"location":null,"numPassingAsserts":2,"retryReasons":[],"startAt":1778732647656,"status":"passed","title":"should return error after 1 attempt when publish fails with non-retryable error"},{"ancestorTitles":["Create Actions","publishNow"],"duration":3,"failing":false,"failureDetails":[],"failureMessages":[],"fullName":"Create Actions publishNow should publish carousel with correct metadata when 3 images provided","invocations":1,"location":null,"numPassingAsserts":4,"retryReasons":[],"startAt":1778732647658,"status":"passed","title":"should publish carousel with correct metadata when 3 images provided"},{"ancestorTitles":["Create Actions","publishNow"],"duration":11,"failing":false,"failureDetails":[],"failureMessages":[],"fullName":"Create Actions publishNow should return error if connectedAccountId is missing","invocations":1,"location":null,"numPassingAsserts":1,"retryReasons":[],"startAt":1778732647661,"status":"passed","title":"should return error if connectedAccountId is missing"},{"ancestorTitles":["Create Actions","publishNow"],"duration":4,"failing":false,"failureDetails":[],"failureMessages":[],"fullName":"Create Actions publishNow should return error if mediaUrl is missing","invocations":1,"location":null,"numPassingAsserts":1,"retryReasons":[],"startAt":1778732647672,"status":"passed","title":"should return error if mediaUrl is missing"},{"ancestorTitles":["Create Actions","publishNow"],"duration":1,"failing":false,"failureDetails":[],"failureMessages":[],"fullName":"Create Actions publishNow should return error if account not found in DB","invocations":1,"location":null,"numPassingAsserts":1,"retryReasons":[],"startAt":1778732647677,"status":"passed","title":"should return error if account not found in DB"},{"ancestorTitles":["Create Actions","publishNow"],"duration":6,"failing":false,"failureDetails":[],"failureMessages":[],"fullName":"Create Actions publishNow should return error when unauthenticated","invocations":1,"location":null,"numPassingAsserts":1,"retryReasons":[],"startAt":1778732647678,"status":"passed","title":"should return error when unauthenticated"},{"ancestorTitles":["Create Actions","getSignedUploadUrl"],"duration":1,"failing":false,"failureDetails":[],"failureMessages":[],"fullName":"Create Actions getSignedUploadUrl should return signedUrl, token, and path on success","invocations":1,"location":null,"numPassingAsserts":1,"retryReasons":[],"startAt":1778732647685,"status":"passed","title":"should return signedUrl, token, and path on success"},{"ancestorTitles":["Create Actions","getSignedUploadUrl"],"duration":1,"failing":false,"failureDetails":[],"failureMessages":[],"fullName":"Create Actions getSignedUploadUrl should return error when Supabase createSignedUploadUrl fails","invocations":1,"location":null,"numPassingAsserts":1,"retryReasons":[],"startAt":1778732647687,"status":"passed","title":"should return error when Supabase createSignedUploadUrl fails"},{"ancestorTitles":["Create Actions","getSignedUploadUrl"],"duration":2,"failing":false,"failureDetails":[],"failureMessages":[],"fullName":"Create Actions getSignedUploadUrl should return error when unauthenticated","invocations":1,"location":null,"numPassingAsserts":1,"retryReasons":[],"startAt":1778732647688,"status":"passed","title":"should return error when unauthenticated"},{"ancestorTitles":["Create Actions","getProjectImageUploadUrl"],"duration":1,"failing":false,"failureDetails":[],"failureMessages":[],"fullName":"Create Actions getProjectImageUploadUrl should return 5 fields including storagePath and publicUrl when user owns project","invocations":1,"location":null,"numPassingAsserts":1,"retryReasons":[],"startAt":1778732647691,"status":"passed","title":"should return 5 fields including storagePath and publicUrl when user owns project"},{"ancestorTitles":["Create Actions","getProjectImageUploadUrl"],"duration":1,"failing":false,"failureDetails":[],"failureMessages":[],"fullName":"Create Actions getProjectImageUploadUrl should return error when project is non-existent or belongs to another user","invocations":1,"location":null,"numPassingAsserts":1,"retryReasons":[],"startAt":1778732647692,"status":"passed","title":"should return error when project is non-existent or belongs to another user"},{"ancestorTitles":["Create Actions","registerProjectImages"],"duration":1,"failing":false,"failureDetails":[],"failureMessages":[],"fullName":"Create Actions registerProjectImages should insert correct number of rows with valid userId","invocations":1,"location":null,"numPassingAsserts":2,"retryReasons":[],"startAt":1778732647693,"status":"passed","title":"should insert correct number of rows with valid userId"},{"ancestorTitles":["Create Actions","registerProjectImages"],"duration":2,"failing":false,"failureDetails":[],"failureMessages":[],"fullName":"Create Actions registerProjectImages should return error when unauthenticated","invocations":1,"location":null,"numPassingAsserts":1,"retryReasons":[],"startAt":1778732647694,"status":"passed","title":"should return error when unauthenticated"}],"endTime":1778732647698,"message":"","name":"C:\\Users\\kjlup\\projects\\websites\\insta-auto\\insta-auto\\sns-instagram\\__tests__\\unit\\create\\actions.test.ts","startTime":1778732646998,"status":"passed","summary":""}],"wasInterrupted":false}
